2018-10-07 10:07:36,118 WARN org.apache.hadoop.util.NativeCodeLoader: Unable to load native-hadoop library for your platform... using builtin-java classes where applicable
2018-10-07 10:07:37,025 INFO org.apache.hadoop.conf.Configuration.deprecation: session.id is deprecated. Instead, use dfs.metrics.session-id
2018-10-07 10:07:37,027 INFO org.apache.hadoop.metrics.jvm.JvmMetrics: Initializing JVM Metrics with processName=JobTracker, sessionId=
2018-10-07 10:07:37,146 WARN org.apache.hadoop.security.UserGroupInformation: PriviledgedActionException as:cloudera (auth:SIMPLE) cause:org.apache.hadoop.mapred.InvalidJobConfException: Output directory not set.
2018-10-07 10:11:54,251 WARN org.apache.hadoop.util.NativeCodeLoader: Unable to load native-hadoop library for your platform... using builtin-java classes where applicable
2018-10-07 10:11:54,947 INFO org.apache.hadoop.conf.Configuration.deprecation: session.id is deprecated. Instead, use dfs.metrics.session-id
2018-10-07 10:11:54,952 INFO org.apache.hadoop.metrics.jvm.JvmMetrics: Initializing JVM Metrics with processName=JobTracker, sessionId=
2018-10-07 10:11:55,085 WARN org.apache.hadoop.security.UserGroupInformation: PriviledgedActionException as:cloudera (auth:SIMPLE) cause:org.apache.hadoop.mapred.InvalidJobConfException: Output directory not set.
2018-10-07 10:14:11,089 WARN org.apache.hadoop.util.NativeCodeLoader: Unable to load native-hadoop library for your platform... using builtin-java classes where applicable
2018-10-07 10:14:11,830 INFO org.apache.hadoop.conf.Configuration.deprecation: session.id is deprecated. Instead, use dfs.metrics.session-id
2018-10-07 10:14:11,836 INFO org.apache.hadoop.metrics.jvm.JvmMetrics: Initializing JVM Metrics with processName=JobTracker, sessionId=
2018-10-07 10:14:12,385 WARN org.apache.hadoop.mapreduce.JobResourceUploader: No job jar file set.  User classes may not be found. See Job or Job#setJar(String).
2018-10-07 10:14:12,397 INFO org.apache.hadoop.mapreduce.lib.input.FileInputFormat: Total input paths to process : 1
2018-10-07 10:14:12,437 INFO org.apache.hadoop.mapreduce.JobSubmitter: number of splits:1
2018-10-07 10:14:12,777 INFO org.apache.hadoop.mapreduce.JobSubmitter: Submitting tokens for job: job_local1616389918_0001
2018-10-07 10:14:13,220 INFO org.apache.hadoop.mapreduce.Job: The url to track the job: http://localhost:8080/
2018-10-07 10:14:13,221 INFO org.apache.hadoop.mapreduce.Job: Running job: job_local1616389918_0001
2018-10-07 10:14:13,232 INFO org.apache.hadoop.mapred.LocalJobRunner: OutputCommitter set in config null
2018-10-07 10:14:13,238 INFO org.apache.hadoop.mapreduce.lib.output.FileOutputCommitter: File Output Committer Algorithm version is 1
2018-10-07 10:14:13,239 INFO org.apache.hadoop.mapreduce.lib.output.FileOutputCommitter: FileOutputCommitter skip cleanup _temporary folders under output directory:false, ignore cleanup failures: false
2018-10-07 10:14:13,245 INFO org.apache.hadoop.mapred.LocalJobRunner: OutputCommitter is org.apache.hadoop.mapreduce.lib.output.FileOutputCommitter
2018-10-07 10:14:13,324 INFO org.apache.hadoop.mapred.LocalJobRunner: Waiting for map tasks
2018-10-07 10:14:13,325 INFO org.apache.hadoop.mapred.LocalJobRunner: Starting task: attempt_local1616389918_0001_m_000000_0
2018-10-07 10:14:13,381 INFO org.apache.hadoop.mapreduce.lib.output.FileOutputCommitter: File Output Committer Algorithm version is 1
2018-10-07 10:14:13,381 INFO org.apache.hadoop.mapreduce.lib.output.FileOutputCommitter: FileOutputCommitter skip cleanup _temporary folders under output directory:false, ignore cleanup failures: false
2018-10-07 10:14:13,411 INFO org.apache.hadoop.mapred.Task:  Using ResourceCalculatorProcessTree : [ ]
2018-10-07 10:14:13,418 INFO org.apache.hadoop.mapred.MapTask: Processing split: file:/home/cloudera/workspace/word_co-occurrence/test:0+109
2018-10-07 10:14:13,844 INFO org.apache.hadoop.mapred.MapTask: (EQUATOR) 0 kvi 26214396(104857584)
2018-10-07 10:14:13,844 INFO org.apache.hadoop.mapred.MapTask: mapreduce.task.io.sort.mb: 100
2018-10-07 10:14:13,845 INFO org.apache.hadoop.mapred.MapTask: soft limit at 83886080
2018-10-07 10:14:13,845 INFO org.apache.hadoop.mapred.MapTask: bufstart = 0; bufvoid = 104857600
2018-10-07 10:14:13,845 INFO org.apache.hadoop.mapred.MapTask: kvstart = 26214396; length = 6553600
2018-10-07 10:14:13,849 INFO org.apache.hadoop.mapred.MapTask: Map output collector class = org.apache.hadoop.mapred.MapTask$MapOutputBuffer
2018-10-07 10:14:13,855 INFO org.apache.hadoop.mapred.MapTask: Starting flush of map output
2018-10-07 10:14:13,864 INFO org.apache.hadoop.mapred.LocalJobRunner: map task executor complete.
2018-10-07 10:14:13,865 WARN org.apache.hadoop.mapred.LocalJobRunner: job_local1616389918_0001
java.lang.Exception: java.io.IOException: Type mismatch in key from map: expected stubs.NameWritable, received org.apache.hadoop.io.LongWritable
	at org.apache.hadoop.mapred.LocalJobRunner$Job.runTasks(LocalJobRunner.java:489)
	at org.apache.hadoop.mapred.LocalJobRunner$Job.run(LocalJobRunner.java:549)
Caused by: java.io.IOException: Type mismatch in key from map: expected stubs.NameWritable, received org.apache.hadoop.io.LongWritable
	at org.apache.hadoop.mapred.MapTask$MapOutputBuffer.collect(MapTask.java:1079)
	at org.apache.hadoop.mapred.MapTask$NewOutputCollector.write(MapTask.java:721)
	at org.apache.hadoop.mapreduce.task.TaskInputOutputContextImpl.write(TaskInputOutputContextImpl.java:89)
	at org.apache.hadoop.mapreduce.lib.map.WrappedMapper$Context.write(WrappedMapper.java:112)
	at org.apache.hadoop.mapreduce.Mapper.map(Mapper.java:124)
	at org.apache.hadoop.mapreduce.Mapper.run(Mapper.java:145)
	at org.apache.hadoop.mapred.MapTask.runNewMapper(MapTask.java:793)
	at org.apache.hadoop.mapred.MapTask.run(MapTask.java:341)
	at org.apache.hadoop.mapred.LocalJobRunner$Job$MapTaskRunnable.run(LocalJobRunner.java:270)
	at java.util.concurrent.Executors$RunnableAdapter.call(Executors.java:471)
	at java.util.concurrent.FutureTask.run(FutureTask.java:262)
	at java.util.concurrent.ThreadPoolExecutor.runWorker(ThreadPoolExecutor.java:1145)
	at java.util.concurrent.ThreadPoolExecutor$Worker.run(ThreadPoolExecutor.java:615)
	at java.lang.Thread.run(Thread.java:745)
2018-10-07 10:14:14,242 INFO org.apache.hadoop.mapreduce.Job: Job job_local1616389918_0001 running in uber mode : false
2018-10-07 10:14:14,259 INFO org.apache.hadoop.mapreduce.Job:  map 0% reduce 0%
2018-10-07 10:14:14,276 INFO org.apache.hadoop.mapreduce.Job: Job job_local1616389918_0001 failed with state FAILED due to: NA
2018-10-07 10:14:14,306 INFO org.apache.hadoop.mapreduce.Job: Counters: 0
2018-10-07 10:15:22,701 WARN org.apache.hadoop.util.NativeCodeLoader: Unable to load native-hadoop library for your platform... using builtin-java classes where applicable
2018-10-07 10:15:23,418 INFO org.apache.hadoop.conf.Configuration.deprecation: session.id is deprecated. Instead, use dfs.metrics.session-id
2018-10-07 10:15:23,421 INFO org.apache.hadoop.metrics.jvm.JvmMetrics: Initializing JVM Metrics with processName=JobTracker, sessionId=
2018-10-07 10:15:23,886 WARN org.apache.hadoop.mapreduce.JobResourceUploader: No job jar file set.  User classes may not be found. See Job or Job#setJar(String).
2018-10-07 10:15:23,896 INFO org.apache.hadoop.mapreduce.lib.input.FileInputFormat: Total input paths to process : 1
2018-10-07 10:15:23,955 INFO org.apache.hadoop.mapreduce.JobSubmitter: number of splits:1
2018-10-07 10:15:24,220 INFO org.apache.hadoop.mapreduce.JobSubmitter: Submitting tokens for job: job_local1670555667_0001
2018-10-07 10:15:24,633 INFO org.apache.hadoop.mapreduce.Job: The url to track the job: http://localhost:8080/
2018-10-07 10:15:24,634 INFO org.apache.hadoop.mapreduce.Job: Running job: job_local1670555667_0001
2018-10-07 10:15:24,639 INFO org.apache.hadoop.mapred.LocalJobRunner: OutputCommitter set in config null
2018-10-07 10:15:24,648 INFO org.apache.hadoop.mapreduce.lib.output.FileOutputCommitter: File Output Committer Algorithm version is 1
2018-10-07 10:15:24,649 INFO org.apache.hadoop.mapreduce.lib.output.FileOutputCommitter: FileOutputCommitter skip cleanup _temporary folders under output directory:false, ignore cleanup failures: false
2018-10-07 10:15:24,655 INFO org.apache.hadoop.mapred.LocalJobRunner: OutputCommitter is org.apache.hadoop.mapreduce.lib.output.FileOutputCommitter
2018-10-07 10:15:24,736 INFO org.apache.hadoop.mapred.LocalJobRunner: Waiting for map tasks
2018-10-07 10:15:24,737 INFO org.apache.hadoop.mapred.LocalJobRunner: Starting task: attempt_local1670555667_0001_m_000000_0
2018-10-07 10:15:24,807 INFO org.apache.hadoop.mapreduce.lib.output.FileOutputCommitter: File Output Committer Algorithm version is 1
2018-10-07 10:15:24,807 INFO org.apache.hadoop.mapreduce.lib.output.FileOutputCommitter: FileOutputCommitter skip cleanup _temporary folders under output directory:false, ignore cleanup failures: false
2018-10-07 10:15:24,828 INFO org.apache.hadoop.mapred.Task:  Using ResourceCalculatorProcessTree : [ ]
2018-10-07 10:15:24,831 INFO org.apache.hadoop.mapred.MapTask: Processing split: file:/home/cloudera/workspace/word_co-occurrence/test:0+109
2018-10-07 10:15:24,985 INFO org.apache.hadoop.mapred.MapTask: (EQUATOR) 0 kvi 26214396(104857584)
2018-10-07 10:15:24,985 INFO org.apache.hadoop.mapred.MapTask: mapreduce.task.io.sort.mb: 100
2018-10-07 10:15:24,985 INFO org.apache.hadoop.mapred.MapTask: soft limit at 83886080
2018-10-07 10:15:24,985 INFO org.apache.hadoop.mapred.MapTask: bufstart = 0; bufvoid = 104857600
2018-10-07 10:15:24,985 INFO org.apache.hadoop.mapred.MapTask: kvstart = 26214396; length = 6553600
2018-10-07 10:15:24,988 INFO org.apache.hadoop.mapred.MapTask: Map output collector class = org.apache.hadoop.mapred.MapTask$MapOutputBuffer
2018-10-07 10:15:24,992 INFO org.apache.hadoop.mapred.MapTask: Starting flush of map output
2018-10-07 10:15:24,998 INFO org.apache.hadoop.mapred.LocalJobRunner: map task executor complete.
2018-10-07 10:15:25,001 WARN org.apache.hadoop.mapred.LocalJobRunner: job_local1670555667_0001
java.lang.Exception: java.io.IOException: Type mismatch in key from map: expected stubs.NameWritable, received org.apache.hadoop.io.LongWritable
	at org.apache.hadoop.mapred.LocalJobRunner$Job.runTasks(LocalJobRunner.java:489)
	at org.apache.hadoop.mapred.LocalJobRunner$Job.run(LocalJobRunner.java:549)
Caused by: java.io.IOException: Type mismatch in key from map: expected stubs.NameWritable, received org.apache.hadoop.io.LongWritable
	at org.apache.hadoop.mapred.MapTask$MapOutputBuffer.collect(MapTask.java:1079)
	at org.apache.hadoop.mapred.MapTask$NewOutputCollector.write(MapTask.java:721)
	at org.apache.hadoop.mapreduce.task.TaskInputOutputContextImpl.write(TaskInputOutputContextImpl.java:89)
	at org.apache.hadoop.mapreduce.lib.map.WrappedMapper$Context.write(WrappedMapper.java:112)
	at org.apache.hadoop.mapreduce.Mapper.map(Mapper.java:124)
	at org.apache.hadoop.mapreduce.Mapper.run(Mapper.java:145)
	at org.apache.hadoop.mapred.MapTask.runNewMapper(MapTask.java:793)
	at org.apache.hadoop.mapred.MapTask.run(MapTask.java:341)
	at org.apache.hadoop.mapred.LocalJobRunner$Job$MapTaskRunnable.run(LocalJobRunner.java:270)
	at java.util.concurrent.Executors$RunnableAdapter.call(Executors.java:471)
	at java.util.concurrent.FutureTask.run(FutureTask.java:262)
	at java.util.concurrent.ThreadPoolExecutor.runWorker(ThreadPoolExecutor.java:1145)
	at java.util.concurrent.ThreadPoolExecutor$Worker.run(ThreadPoolExecutor.java:615)
	at java.lang.Thread.run(Thread.java:745)
2018-10-07 10:15:25,646 INFO org.apache.hadoop.mapreduce.Job: Job job_local1670555667_0001 running in uber mode : false
2018-10-07 10:15:25,649 INFO org.apache.hadoop.mapreduce.Job:  map 0% reduce 0%
2018-10-07 10:15:25,653 INFO org.apache.hadoop.mapreduce.Job: Job job_local1670555667_0001 failed with state FAILED due to: NA
2018-10-07 10:15:25,670 INFO org.apache.hadoop.mapreduce.Job: Counters: 0
2018-10-07 10:16:49,868 WARN org.apache.hadoop.util.NativeCodeLoader: Unable to load native-hadoop library for your platform... using builtin-java classes where applicable
2018-10-07 10:16:50,779 INFO org.apache.hadoop.conf.Configuration.deprecation: session.id is deprecated. Instead, use dfs.metrics.session-id
2018-10-07 10:16:50,782 INFO org.apache.hadoop.metrics.jvm.JvmMetrics: Initializing JVM Metrics with processName=JobTracker, sessionId=
2018-10-07 10:16:51,230 WARN org.apache.hadoop.mapreduce.JobResourceUploader: No job jar file set.  User classes may not be found. See Job or Job#setJar(String).
2018-10-07 10:16:51,244 INFO org.apache.hadoop.mapreduce.lib.input.FileInputFormat: Total input paths to process : 1
2018-10-07 10:16:51,288 INFO org.apache.hadoop.mapreduce.JobSubmitter: number of splits:1
2018-10-07 10:16:51,565 INFO org.apache.hadoop.mapreduce.JobSubmitter: Submitting tokens for job: job_local235465352_0001
2018-10-07 10:16:51,969 INFO org.apache.hadoop.mapreduce.Job: The url to track the job: http://localhost:8080/
2018-10-07 10:16:51,969 INFO org.apache.hadoop.mapreduce.Job: Running job: job_local235465352_0001
2018-10-07 10:16:51,979 INFO org.apache.hadoop.mapred.LocalJobRunner: OutputCommitter set in config null
2018-10-07 10:16:51,990 INFO org.apache.hadoop.mapreduce.lib.output.FileOutputCommitter: File Output Committer Algorithm version is 1
2018-10-07 10:16:51,990 INFO org.apache.hadoop.mapreduce.lib.output.FileOutputCommitter: FileOutputCommitter skip cleanup _temporary folders under output directory:false, ignore cleanup failures: false
2018-10-07 10:16:51,993 INFO org.apache.hadoop.mapred.LocalJobRunner: OutputCommitter is org.apache.hadoop.mapreduce.lib.output.FileOutputCommitter
2018-10-07 10:16:52,084 INFO org.apache.hadoop.mapred.LocalJobRunner: Waiting for map tasks
2018-10-07 10:16:52,084 INFO org.apache.hadoop.mapred.LocalJobRunner: Starting task: attempt_local235465352_0001_m_000000_0
2018-10-07 10:16:52,131 INFO org.apache.hadoop.mapreduce.lib.output.FileOutputCommitter: File Output Committer Algorithm version is 1
2018-10-07 10:16:52,134 INFO org.apache.hadoop.mapreduce.lib.output.FileOutputCommitter: FileOutputCommitter skip cleanup _temporary folders under output directory:false, ignore cleanup failures: false
2018-10-07 10:16:52,156 INFO org.apache.hadoop.mapred.Task:  Using ResourceCalculatorProcessTree : [ ]
2018-10-07 10:16:52,159 INFO org.apache.hadoop.mapred.MapTask: Processing split: file:/home/cloudera/workspace/word_co-occurrence/test:0+109
2018-10-07 10:16:52,247 INFO org.apache.hadoop.mapred.MapTask: (EQUATOR) 0 kvi 26214396(104857584)
2018-10-07 10:16:52,250 INFO org.apache.hadoop.mapred.MapTask: mapreduce.task.io.sort.mb: 100
2018-10-07 10:16:52,250 INFO org.apache.hadoop.mapred.MapTask: soft limit at 83886080
2018-10-07 10:16:52,250 INFO org.apache.hadoop.mapred.MapTask: bufstart = 0; bufvoid = 104857600
2018-10-07 10:16:52,250 INFO org.apache.hadoop.mapred.MapTask: kvstart = 26214396; length = 6553600
2018-10-07 10:16:52,255 INFO org.apache.hadoop.mapred.MapTask: Map output collector class = org.apache.hadoop.mapred.MapTask$MapOutputBuffer
2018-10-07 10:16:52,262 INFO org.apache.hadoop.mapred.MapTask: Starting flush of map output
2018-10-07 10:16:52,270 INFO org.apache.hadoop.mapred.LocalJobRunner: map task executor complete.
2018-10-07 10:16:52,271 WARN org.apache.hadoop.mapred.LocalJobRunner: job_local235465352_0001
java.lang.Exception: java.io.IOException: Type mismatch in key from map: expected stubs.NameWritable, received org.apache.hadoop.io.LongWritable
	at org.apache.hadoop.mapred.LocalJobRunner$Job.runTasks(LocalJobRunner.java:489)
	at org.apache.hadoop.mapred.LocalJobRunner$Job.run(LocalJobRunner.java:549)
Caused by: java.io.IOException: Type mismatch in key from map: expected stubs.NameWritable, received org.apache.hadoop.io.LongWritable
	at org.apache.hadoop.mapred.MapTask$MapOutputBuffer.collect(MapTask.java:1079)
	at org.apache.hadoop.mapred.MapTask$NewOutputCollector.write(MapTask.java:721)
	at org.apache.hadoop.mapreduce.task.TaskInputOutputContextImpl.write(TaskInputOutputContextImpl.java:89)
	at org.apache.hadoop.mapreduce.lib.map.WrappedMapper$Context.write(WrappedMapper.java:112)
	at org.apache.hadoop.mapreduce.Mapper.map(Mapper.java:124)
	at org.apache.hadoop.mapreduce.Mapper.run(Mapper.java:145)
	at org.apache.hadoop.mapred.MapTask.runNewMapper(MapTask.java:793)
	at org.apache.hadoop.mapred.MapTask.run(MapTask.java:341)
	at org.apache.hadoop.mapred.LocalJobRunner$Job$MapTaskRunnable.run(LocalJobRunner.java:270)
	at java.util.concurrent.Executors$RunnableAdapter.call(Executors.java:471)
	at java.util.concurrent.FutureTask.run(FutureTask.java:262)
	at java.util.concurrent.ThreadPoolExecutor.runWorker(ThreadPoolExecutor.java:1145)
	at java.util.concurrent.ThreadPoolExecutor$Worker.run(ThreadPoolExecutor.java:615)
	at java.lang.Thread.run(Thread.java:745)
2018-10-07 10:16:52,978 INFO org.apache.hadoop.mapreduce.Job: Job job_local235465352_0001 running in uber mode : false
2018-10-07 10:16:52,980 INFO org.apache.hadoop.mapreduce.Job:  map 0% reduce 0%
2018-10-07 10:16:52,984 INFO org.apache.hadoop.mapreduce.Job: Job job_local235465352_0001 failed with state FAILED due to: NA
2018-10-07 10:16:52,993 INFO org.apache.hadoop.mapreduce.Job: Counters: 0
2018-10-07 10:26:57,183 WARN org.apache.hadoop.util.NativeCodeLoader: Unable to load native-hadoop library for your platform... using builtin-java classes where applicable
2018-10-07 10:26:57,855 INFO org.apache.hadoop.conf.Configuration.deprecation: session.id is deprecated. Instead, use dfs.metrics.session-id
2018-10-07 10:26:57,856 INFO org.apache.hadoop.metrics.jvm.JvmMetrics: Initializing JVM Metrics with processName=JobTracker, sessionId=
2018-10-07 10:26:58,290 WARN org.apache.hadoop.mapreduce.JobResourceUploader: No job jar file set.  User classes may not be found. See Job or Job#setJar(String).
2018-10-07 10:26:58,297 INFO org.apache.hadoop.mapreduce.lib.input.FileInputFormat: Total input paths to process : 1
2018-10-07 10:26:58,338 INFO org.apache.hadoop.mapreduce.JobSubmitter: number of splits:1
2018-10-07 10:26:58,595 INFO org.apache.hadoop.mapreduce.JobSubmitter: Submitting tokens for job: job_local1921391626_0001
2018-10-07 10:26:58,967 INFO org.apache.hadoop.mapreduce.Job: The url to track the job: http://localhost:8080/
2018-10-07 10:26:58,968 INFO org.apache.hadoop.mapreduce.Job: Running job: job_local1921391626_0001
2018-10-07 10:26:58,971 INFO org.apache.hadoop.mapred.LocalJobRunner: OutputCommitter set in config null
2018-10-07 10:26:58,980 INFO org.apache.hadoop.mapreduce.lib.output.FileOutputCommitter: File Output Committer Algorithm version is 1
2018-10-07 10:26:58,982 INFO org.apache.hadoop.mapreduce.lib.output.FileOutputCommitter: FileOutputCommitter skip cleanup _temporary folders under output directory:false, ignore cleanup failures: false
2018-10-07 10:26:58,987 INFO org.apache.hadoop.mapred.LocalJobRunner: OutputCommitter is org.apache.hadoop.mapreduce.lib.output.FileOutputCommitter
2018-10-07 10:26:59,066 INFO org.apache.hadoop.mapred.LocalJobRunner: Waiting for map tasks
2018-10-07 10:26:59,067 INFO org.apache.hadoop.mapred.LocalJobRunner: Starting task: attempt_local1921391626_0001_m_000000_0
2018-10-07 10:26:59,131 INFO org.apache.hadoop.mapreduce.lib.output.FileOutputCommitter: File Output Committer Algorithm version is 1
2018-10-07 10:26:59,139 INFO org.apache.hadoop.mapreduce.lib.output.FileOutputCommitter: FileOutputCommitter skip cleanup _temporary folders under output directory:false, ignore cleanup failures: false
2018-10-07 10:26:59,164 INFO org.apache.hadoop.mapred.Task:  Using ResourceCalculatorProcessTree : [ ]
2018-10-07 10:26:59,169 INFO org.apache.hadoop.mapred.MapTask: Processing split: file:/home/cloudera/workspace/word_co-occurrence/test:0+109
2018-10-07 10:26:59,286 INFO org.apache.hadoop.mapred.MapTask: (EQUATOR) 0 kvi 26214396(104857584)
2018-10-07 10:26:59,289 INFO org.apache.hadoop.mapred.MapTask: mapreduce.task.io.sort.mb: 100
2018-10-07 10:26:59,290 INFO org.apache.hadoop.mapred.MapTask: soft limit at 83886080
2018-10-07 10:26:59,290 INFO org.apache.hadoop.mapred.MapTask: bufstart = 0; bufvoid = 104857600
2018-10-07 10:26:59,290 INFO org.apache.hadoop.mapred.MapTask: kvstart = 26214396; length = 6553600
2018-10-07 10:26:59,293 INFO org.apache.hadoop.mapred.MapTask: Map output collector class = org.apache.hadoop.mapred.MapTask$MapOutputBuffer
2018-10-07 10:26:59,297 INFO org.apache.hadoop.mapred.MapTask: Starting flush of map output
2018-10-07 10:26:59,307 INFO org.apache.hadoop.mapred.LocalJobRunner: map task executor complete.
2018-10-07 10:26:59,308 WARN org.apache.hadoop.mapred.LocalJobRunner: job_local1921391626_0001
java.lang.Exception: java.io.IOException: Type mismatch in key from map: expected stubs.NameWritable, received org.apache.hadoop.io.LongWritable
	at org.apache.hadoop.mapred.LocalJobRunner$Job.runTasks(LocalJobRunner.java:489)
	at org.apache.hadoop.mapred.LocalJobRunner$Job.run(LocalJobRunner.java:549)
Caused by: java.io.IOException: Type mismatch in key from map: expected stubs.NameWritable, received org.apache.hadoop.io.LongWritable
	at org.apache.hadoop.mapred.MapTask$MapOutputBuffer.collect(MapTask.java:1079)
	at org.apache.hadoop.mapred.MapTask$NewOutputCollector.write(MapTask.java:721)
	at org.apache.hadoop.mapreduce.task.TaskInputOutputContextImpl.write(TaskInputOutputContextImpl.java:89)
	at org.apache.hadoop.mapreduce.lib.map.WrappedMapper$Context.write(WrappedMapper.java:112)
	at org.apache.hadoop.mapreduce.Mapper.map(Mapper.java:124)
	at org.apache.hadoop.mapreduce.Mapper.run(Mapper.java:145)
	at org.apache.hadoop.mapred.MapTask.runNewMapper(MapTask.java:793)
	at org.apache.hadoop.mapred.MapTask.run(MapTask.java:341)
	at org.apache.hadoop.mapred.LocalJobRunner$Job$MapTaskRunnable.run(LocalJobRunner.java:270)
	at java.util.concurrent.Executors$RunnableAdapter.call(Executors.java:471)
	at java.util.concurrent.FutureTask.run(FutureTask.java:262)
	at java.util.concurrent.ThreadPoolExecutor.runWorker(ThreadPoolExecutor.java:1145)
	at java.util.concurrent.ThreadPoolExecutor$Worker.run(ThreadPoolExecutor.java:615)
	at java.lang.Thread.run(Thread.java:745)
2018-10-07 10:26:59,977 INFO org.apache.hadoop.mapreduce.Job: Job job_local1921391626_0001 running in uber mode : false
2018-10-07 10:26:59,979 INFO org.apache.hadoop.mapreduce.Job:  map 0% reduce 0%
2018-10-07 10:26:59,981 INFO org.apache.hadoop.mapreduce.Job: Job job_local1921391626_0001 failed with state FAILED due to: NA
2018-10-07 10:26:59,992 INFO org.apache.hadoop.mapreduce.Job: Counters: 0
2018-10-07 10:27:47,682 WARN org.apache.hadoop.util.NativeCodeLoader: Unable to load native-hadoop library for your platform... using builtin-java classes where applicable
2018-10-07 10:27:48,344 INFO org.apache.hadoop.conf.Configuration.deprecation: session.id is deprecated. Instead, use dfs.metrics.session-id
2018-10-07 10:27:48,348 INFO org.apache.hadoop.metrics.jvm.JvmMetrics: Initializing JVM Metrics with processName=JobTracker, sessionId=
2018-10-07 10:27:48,773 WARN org.apache.hadoop.mapreduce.JobResourceUploader: No job jar file set.  User classes may not be found. See Job or Job#setJar(String).
2018-10-07 10:27:48,781 INFO org.apache.hadoop.mapreduce.lib.input.FileInputFormat: Total input paths to process : 1
2018-10-07 10:27:48,814 INFO org.apache.hadoop.mapreduce.JobSubmitter: number of splits:1
2018-10-07 10:27:49,053 INFO org.apache.hadoop.mapreduce.JobSubmitter: Submitting tokens for job: job_local611828056_0001
2018-10-07 10:27:49,464 INFO org.apache.hadoop.mapreduce.Job: The url to track the job: http://localhost:8080/
2018-10-07 10:27:49,466 INFO org.apache.hadoop.mapreduce.Job: Running job: job_local611828056_0001
2018-10-07 10:27:49,473 INFO org.apache.hadoop.mapred.LocalJobRunner: OutputCommitter set in config null
2018-10-07 10:27:49,488 INFO org.apache.hadoop.mapreduce.lib.output.FileOutputCommitter: File Output Committer Algorithm version is 1
2018-10-07 10:27:49,490 INFO org.apache.hadoop.mapreduce.lib.output.FileOutputCommitter: FileOutputCommitter skip cleanup _temporary folders under output directory:false, ignore cleanup failures: false
2018-10-07 10:27:49,495 INFO org.apache.hadoop.mapred.LocalJobRunner: OutputCommitter is org.apache.hadoop.mapreduce.lib.output.FileOutputCommitter
2018-10-07 10:27:49,591 INFO org.apache.hadoop.mapred.LocalJobRunner: Waiting for map tasks
2018-10-07 10:27:49,592 INFO org.apache.hadoop.mapred.LocalJobRunner: Starting task: attempt_local611828056_0001_m_000000_0
2018-10-07 10:27:49,648 INFO org.apache.hadoop.mapreduce.lib.output.FileOutputCommitter: File Output Committer Algorithm version is 1
2018-10-07 10:27:49,649 INFO org.apache.hadoop.mapreduce.lib.output.FileOutputCommitter: FileOutputCommitter skip cleanup _temporary folders under output directory:false, ignore cleanup failures: false
2018-10-07 10:27:49,658 INFO org.apache.hadoop.mapred.Task:  Using ResourceCalculatorProcessTree : [ ]
2018-10-07 10:27:49,662 INFO org.apache.hadoop.mapred.MapTask: Processing split: file:/home/cloudera/workspace/word_co-occurrence/test:0+109
2018-10-07 10:27:49,752 INFO org.apache.hadoop.mapred.MapTask: (EQUATOR) 0 kvi 26214396(104857584)
2018-10-07 10:27:49,752 INFO org.apache.hadoop.mapred.MapTask: mapreduce.task.io.sort.mb: 100
2018-10-07 10:27:49,752 INFO org.apache.hadoop.mapred.MapTask: soft limit at 83886080
2018-10-07 10:27:49,752 INFO org.apache.hadoop.mapred.MapTask: bufstart = 0; bufvoid = 104857600
2018-10-07 10:27:49,753 INFO org.apache.hadoop.mapred.MapTask: kvstart = 26214396; length = 6553600
2018-10-07 10:27:49,756 INFO org.apache.hadoop.mapred.MapTask: Map output collector class = org.apache.hadoop.mapred.MapTask$MapOutputBuffer
2018-10-07 10:27:49,761 INFO org.apache.hadoop.mapred.MapTask: Starting flush of map output
2018-10-07 10:27:49,766 INFO org.apache.hadoop.mapred.LocalJobRunner: map task executor complete.
2018-10-07 10:27:49,767 WARN org.apache.hadoop.mapred.LocalJobRunner: job_local611828056_0001
java.lang.Exception: java.io.IOException: Type mismatch in key from map: expected stubs.NameWritable, received org.apache.hadoop.io.LongWritable
	at org.apache.hadoop.mapred.LocalJobRunner$Job.runTasks(LocalJobRunner.java:489)
	at org.apache.hadoop.mapred.LocalJobRunner$Job.run(LocalJobRunner.java:549)
Caused by: java.io.IOException: Type mismatch in key from map: expected stubs.NameWritable, received org.apache.hadoop.io.LongWritable
	at org.apache.hadoop.mapred.MapTask$MapOutputBuffer.collect(MapTask.java:1079)
	at org.apache.hadoop.mapred.MapTask$NewOutputCollector.write(MapTask.java:721)
	at org.apache.hadoop.mapreduce.task.TaskInputOutputContextImpl.write(TaskInputOutputContextImpl.java:89)
	at org.apache.hadoop.mapreduce.lib.map.WrappedMapper$Context.write(WrappedMapper.java:112)
	at org.apache.hadoop.mapreduce.Mapper.map(Mapper.java:124)
	at org.apache.hadoop.mapreduce.Mapper.run(Mapper.java:145)
	at org.apache.hadoop.mapred.MapTask.runNewMapper(MapTask.java:793)
	at org.apache.hadoop.mapred.MapTask.run(MapTask.java:341)
	at org.apache.hadoop.mapred.LocalJobRunner$Job$MapTaskRunnable.run(LocalJobRunner.java:270)
	at java.util.concurrent.Executors$RunnableAdapter.call(Executors.java:471)
	at java.util.concurrent.FutureTask.run(FutureTask.java:262)
	at java.util.concurrent.ThreadPoolExecutor.runWorker(ThreadPoolExecutor.java:1145)
	at java.util.concurrent.ThreadPoolExecutor$Worker.run(ThreadPoolExecutor.java:615)
	at java.lang.Thread.run(Thread.java:745)
2018-10-07 10:27:50,485 INFO org.apache.hadoop.mapreduce.Job: Job job_local611828056_0001 running in uber mode : false
2018-10-07 10:27:50,495 INFO org.apache.hadoop.mapreduce.Job:  map 0% reduce 0%
2018-10-07 10:27:50,506 INFO org.apache.hadoop.mapreduce.Job: Job job_local611828056_0001 failed with state FAILED due to: NA
2018-10-07 10:27:50,533 INFO org.apache.hadoop.mapreduce.Job: Counters: 0
2018-10-07 10:33:33,736 WARN org.apache.hadoop.util.NativeCodeLoader: Unable to load native-hadoop library for your platform... using builtin-java classes where applicable
2018-10-07 10:33:34,402 INFO org.apache.hadoop.conf.Configuration.deprecation: session.id is deprecated. Instead, use dfs.metrics.session-id
2018-10-07 10:33:34,405 INFO org.apache.hadoop.metrics.jvm.JvmMetrics: Initializing JVM Metrics with processName=JobTracker, sessionId=
2018-10-07 10:33:34,892 WARN org.apache.hadoop.mapreduce.JobResourceUploader: No job jar file set.  User classes may not be found. See Job or Job#setJar(String).
2018-10-07 10:33:34,899 INFO org.apache.hadoop.mapreduce.lib.input.FileInputFormat: Total input paths to process : 1
2018-10-07 10:33:34,938 INFO org.apache.hadoop.mapreduce.JobSubmitter: number of splits:1
2018-10-07 10:33:35,187 INFO org.apache.hadoop.mapreduce.JobSubmitter: Submitting tokens for job: job_local1120959908_0001
2018-10-07 10:33:35,590 INFO org.apache.hadoop.mapreduce.Job: The url to track the job: http://localhost:8080/
2018-10-07 10:33:35,591 INFO org.apache.hadoop.mapreduce.Job: Running job: job_local1120959908_0001
2018-10-07 10:33:35,595 INFO org.apache.hadoop.mapred.LocalJobRunner: OutputCommitter set in config null
2018-10-07 10:33:35,608 INFO org.apache.hadoop.mapreduce.lib.output.FileOutputCommitter: File Output Committer Algorithm version is 1
2018-10-07 10:33:35,611 INFO org.apache.hadoop.mapreduce.lib.output.FileOutputCommitter: FileOutputCommitter skip cleanup _temporary folders under output directory:false, ignore cleanup failures: false
2018-10-07 10:33:35,615 INFO org.apache.hadoop.mapred.LocalJobRunner: OutputCommitter is org.apache.hadoop.mapreduce.lib.output.FileOutputCommitter
2018-10-07 10:33:35,705 INFO org.apache.hadoop.mapred.LocalJobRunner: Waiting for map tasks
2018-10-07 10:33:35,710 INFO org.apache.hadoop.mapred.LocalJobRunner: Starting task: attempt_local1120959908_0001_m_000000_0
2018-10-07 10:33:35,758 INFO org.apache.hadoop.mapreduce.lib.output.FileOutputCommitter: File Output Committer Algorithm version is 1
2018-10-07 10:33:35,759 INFO org.apache.hadoop.mapreduce.lib.output.FileOutputCommitter: FileOutputCommitter skip cleanup _temporary folders under output directory:false, ignore cleanup failures: false
2018-10-07 10:33:35,779 INFO org.apache.hadoop.mapred.Task:  Using ResourceCalculatorProcessTree : [ ]
2018-10-07 10:33:35,782 INFO org.apache.hadoop.mapred.MapTask: Processing split: file:/home/cloudera/workspace/word_co-occurrence/test:0+109
2018-10-07 10:33:35,899 INFO org.apache.hadoop.mapred.MapTask: (EQUATOR) 0 kvi 26214396(104857584)
2018-10-07 10:33:35,899 INFO org.apache.hadoop.mapred.MapTask: mapreduce.task.io.sort.mb: 100
2018-10-07 10:33:35,899 INFO org.apache.hadoop.mapred.MapTask: soft limit at 83886080
2018-10-07 10:33:35,899 INFO org.apache.hadoop.mapred.MapTask: bufstart = 0; bufvoid = 104857600
2018-10-07 10:33:35,899 INFO org.apache.hadoop.mapred.MapTask: kvstart = 26214396; length = 6553600
2018-10-07 10:33:35,900 WARN org.apache.hadoop.mapred.MapTask: Unable to initialize MapOutputCollector org.apache.hadoop.mapred.MapTask$MapOutputBuffer
java.lang.RuntimeException: java.lang.NoSuchMethodException: stubs.NameWritable.<init>()
	at org.apache.hadoop.util.ReflectionUtils.newInstance(ReflectionUtils.java:131)
	at org.apache.hadoop.io.WritableComparator.newKey(WritableComparator.java:144)
	at org.apache.hadoop.io.WritableComparator.<init>(WritableComparator.java:130)
	at org.apache.hadoop.io.WritableComparator.get(WritableComparator.java:65)
	at org.apache.hadoop.mapred.JobConf.getOutputKeyComparator(JobConf.java:892)
	at org.apache.hadoop.mapred.MapTask$MapOutputBuffer.init(MapTask.java:1011)
	at org.apache.hadoop.mapred.MapTask.createSortingCollector(MapTask.java:402)
	at org.apache.hadoop.mapred.MapTask.access$100(MapTask.java:81)
	at org.apache.hadoop.mapred.MapTask$NewOutputCollector.<init>(MapTask.java:704)
	at org.apache.hadoop.mapred.MapTask.runNewMapper(MapTask.java:776)
	at org.apache.hadoop.mapred.MapTask.run(MapTask.java:341)
	at org.apache.hadoop.mapred.LocalJobRunner$Job$MapTaskRunnable.run(LocalJobRunner.java:270)
	at java.util.concurrent.Executors$RunnableAdapter.call(Executors.java:471)
	at java.util.concurrent.FutureTask.run(FutureTask.java:262)
	at java.util.concurrent.ThreadPoolExecutor.runWorker(ThreadPoolExecutor.java:1145)
	at java.util.concurrent.ThreadPoolExecutor$Worker.run(ThreadPoolExecutor.java:615)
	at java.lang.Thread.run(Thread.java:745)
Caused by: java.lang.NoSuchMethodException: stubs.NameWritable.<init>()
	at java.lang.Class.getConstructor0(Class.java:2849)
	at java.lang.Class.getDeclaredConstructor(Class.java:2053)
	at org.apache.hadoop.util.ReflectionUtils.newInstance(ReflectionUtils.java:125)
	... 16 more
2018-10-07 10:33:35,903 INFO org.apache.hadoop.mapred.LocalJobRunner: map task executor complete.
2018-10-07 10:33:35,904 WARN org.apache.hadoop.mapred.LocalJobRunner: job_local1120959908_0001
java.lang.Exception: java.io.IOException: Initialization of all the collectors failed. Error in last collector was:java.lang.RuntimeException: java.lang.NoSuchMethodException: stubs.NameWritable.<init>()
	at org.apache.hadoop.mapred.LocalJobRunner$Job.runTasks(LocalJobRunner.java:489)
	at org.apache.hadoop.mapred.LocalJobRunner$Job.run(LocalJobRunner.java:549)
Caused by: java.io.IOException: Initialization of all the collectors failed. Error in last collector was:java.lang.RuntimeException: java.lang.NoSuchMethodException: stubs.NameWritable.<init>()
	at org.apache.hadoop.mapred.MapTask.createSortingCollector(MapTask.java:416)
	at org.apache.hadoop.mapred.MapTask.access$100(MapTask.java:81)
	at org.apache.hadoop.mapred.MapTask$NewOutputCollector.<init>(MapTask.java:704)
	at org.apache.hadoop.mapred.MapTask.runNewMapper(MapTask.java:776)
	at org.apache.hadoop.mapred.MapTask.run(MapTask.java:341)
	at org.apache.hadoop.mapred.LocalJobRunner$Job$MapTaskRunnable.run(LocalJobRunner.java:270)
	at java.util.concurrent.Executors$RunnableAdapter.call(Executors.java:471)
	at java.util.concurrent.FutureTask.run(FutureTask.java:262)
	at java.util.concurrent.ThreadPoolExecutor.runWorker(ThreadPoolExecutor.java:1145)
	at java.util.concurrent.ThreadPoolExecutor$Worker.run(ThreadPoolExecutor.java:615)
	at java.lang.Thread.run(Thread.java:745)
Caused by: java.lang.RuntimeException: java.lang.NoSuchMethodException: stubs.NameWritable.<init>()
	at org.apache.hadoop.util.ReflectionUtils.newInstance(ReflectionUtils.java:131)
	at org.apache.hadoop.io.WritableComparator.newKey(WritableComparator.java:144)
	at org.apache.hadoop.io.WritableComparator.<init>(WritableComparator.java:130)
	at org.apache.hadoop.io.WritableComparator.get(WritableComparator.java:65)
	at org.apache.hadoop.mapred.JobConf.getOutputKeyComparator(JobConf.java:892)
	at org.apache.hadoop.mapred.MapTask$MapOutputBuffer.init(MapTask.java:1011)
	at org.apache.hadoop.mapred.MapTask.createSortingCollector(MapTask.java:402)
	... 10 more
Caused by: java.lang.NoSuchMethodException: stubs.NameWritable.<init>()
	at java.lang.Class.getConstructor0(Class.java:2849)
	at java.lang.Class.getDeclaredConstructor(Class.java:2053)
	at org.apache.hadoop.util.ReflectionUtils.newInstance(ReflectionUtils.java:125)
	... 16 more
2018-10-07 10:33:36,604 INFO org.apache.hadoop.mapreduce.Job: Job job_local1120959908_0001 running in uber mode : false
2018-10-07 10:33:36,605 INFO org.apache.hadoop.mapreduce.Job:  map 0% reduce 0%
2018-10-07 10:33:36,610 INFO org.apache.hadoop.mapreduce.Job: Job job_local1120959908_0001 failed with state FAILED due to: NA
2018-10-07 10:33:36,620 INFO org.apache.hadoop.mapreduce.Job: Counters: 0
2018-10-07 10:48:24,392 WARN org.apache.hadoop.util.NativeCodeLoader: Unable to load native-hadoop library for your platform... using builtin-java classes where applicable
2018-10-07 10:48:25,056 INFO org.apache.hadoop.conf.Configuration.deprecation: session.id is deprecated. Instead, use dfs.metrics.session-id
2018-10-07 10:48:25,060 INFO org.apache.hadoop.metrics.jvm.JvmMetrics: Initializing JVM Metrics with processName=JobTracker, sessionId=
2018-10-07 10:48:25,493 WARN org.apache.hadoop.mapreduce.JobResourceUploader: No job jar file set.  User classes may not be found. See Job or Job#setJar(String).
2018-10-07 10:48:25,501 INFO org.apache.hadoop.mapreduce.lib.input.FileInputFormat: Total input paths to process : 1
2018-10-07 10:48:25,534 INFO org.apache.hadoop.mapreduce.JobSubmitter: number of splits:1
2018-10-07 10:48:25,773 INFO org.apache.hadoop.mapreduce.JobSubmitter: Submitting tokens for job: job_local1970371916_0001
2018-10-07 10:48:26,216 INFO org.apache.hadoop.mapreduce.Job: The url to track the job: http://localhost:8080/
2018-10-07 10:48:26,217 INFO org.apache.hadoop.mapreduce.Job: Running job: job_local1970371916_0001
2018-10-07 10:48:26,224 INFO org.apache.hadoop.mapred.LocalJobRunner: OutputCommitter set in config null
2018-10-07 10:48:26,231 INFO org.apache.hadoop.mapreduce.lib.output.FileOutputCommitter: File Output Committer Algorithm version is 1
2018-10-07 10:48:26,233 INFO org.apache.hadoop.mapreduce.lib.output.FileOutputCommitter: FileOutputCommitter skip cleanup _temporary folders under output directory:false, ignore cleanup failures: false
2018-10-07 10:48:26,238 INFO org.apache.hadoop.mapred.LocalJobRunner: OutputCommitter is org.apache.hadoop.mapreduce.lib.output.FileOutputCommitter
2018-10-07 10:48:26,306 INFO org.apache.hadoop.mapred.LocalJobRunner: Waiting for map tasks
2018-10-07 10:48:26,306 INFO org.apache.hadoop.mapred.LocalJobRunner: Starting task: attempt_local1970371916_0001_m_000000_0
2018-10-07 10:48:26,362 INFO org.apache.hadoop.mapreduce.lib.output.FileOutputCommitter: File Output Committer Algorithm version is 1
2018-10-07 10:48:26,363 INFO org.apache.hadoop.mapreduce.lib.output.FileOutputCommitter: FileOutputCommitter skip cleanup _temporary folders under output directory:false, ignore cleanup failures: false
2018-10-07 10:48:26,381 INFO org.apache.hadoop.mapred.Task:  Using ResourceCalculatorProcessTree : [ ]
2018-10-07 10:48:26,390 INFO org.apache.hadoop.mapred.MapTask: Processing split: file:/home/cloudera/workspace/word_co-occurrence/test:0+109
2018-10-07 10:48:26,521 INFO org.apache.hadoop.mapred.MapTask: (EQUATOR) 0 kvi 26214396(104857584)
2018-10-07 10:48:26,521 INFO org.apache.hadoop.mapred.MapTask: mapreduce.task.io.sort.mb: 100
2018-10-07 10:48:26,521 INFO org.apache.hadoop.mapred.MapTask: soft limit at 83886080
2018-10-07 10:48:26,521 INFO org.apache.hadoop.mapred.MapTask: bufstart = 0; bufvoid = 104857600
2018-10-07 10:48:26,521 INFO org.apache.hadoop.mapred.MapTask: kvstart = 26214396; length = 6553600
2018-10-07 10:48:26,522 WARN org.apache.hadoop.mapred.MapTask: Unable to initialize MapOutputCollector org.apache.hadoop.mapred.MapTask$MapOutputBuffer
java.lang.RuntimeException: java.lang.NoSuchMethodException: stubs.NameWritable.<init>()
	at org.apache.hadoop.util.ReflectionUtils.newInstance(ReflectionUtils.java:131)
	at org.apache.hadoop.io.WritableComparator.newKey(WritableComparator.java:144)
	at org.apache.hadoop.io.WritableComparator.<init>(WritableComparator.java:130)
	at org.apache.hadoop.io.WritableComparator.get(WritableComparator.java:65)
	at org.apache.hadoop.mapred.JobConf.getOutputKeyComparator(JobConf.java:892)
	at org.apache.hadoop.mapred.MapTask$MapOutputBuffer.init(MapTask.java:1011)
	at org.apache.hadoop.mapred.MapTask.createSortingCollector(MapTask.java:402)
	at org.apache.hadoop.mapred.MapTask.access$100(MapTask.java:81)
	at org.apache.hadoop.mapred.MapTask$NewOutputCollector.<init>(MapTask.java:704)
	at org.apache.hadoop.mapred.MapTask.runNewMapper(MapTask.java:776)
	at org.apache.hadoop.mapred.MapTask.run(MapTask.java:341)
	at org.apache.hadoop.mapred.LocalJobRunner$Job$MapTaskRunnable.run(LocalJobRunner.java:270)
	at java.util.concurrent.Executors$RunnableAdapter.call(Executors.java:471)
	at java.util.concurrent.FutureTask.run(FutureTask.java:262)
	at java.util.concurrent.ThreadPoolExecutor.runWorker(ThreadPoolExecutor.java:1145)
	at java.util.concurrent.ThreadPoolExecutor$Worker.run(ThreadPoolExecutor.java:615)
	at java.lang.Thread.run(Thread.java:745)
Caused by: java.lang.NoSuchMethodException: stubs.NameWritable.<init>()
	at java.lang.Class.getConstructor0(Class.java:2849)
	at java.lang.Class.getDeclaredConstructor(Class.java:2053)
	at org.apache.hadoop.util.ReflectionUtils.newInstance(ReflectionUtils.java:125)
	... 16 more
2018-10-07 10:48:26,524 INFO org.apache.hadoop.mapred.LocalJobRunner: map task executor complete.
2018-10-07 10:48:26,525 WARN org.apache.hadoop.mapred.LocalJobRunner: job_local1970371916_0001
java.lang.Exception: java.io.IOException: Initialization of all the collectors failed. Error in last collector was:java.lang.RuntimeException: java.lang.NoSuchMethodException: stubs.NameWritable.<init>()
	at org.apache.hadoop.mapred.LocalJobRunner$Job.runTasks(LocalJobRunner.java:489)
	at org.apache.hadoop.mapred.LocalJobRunner$Job.run(LocalJobRunner.java:549)
Caused by: java.io.IOException: Initialization of all the collectors failed. Error in last collector was:java.lang.RuntimeException: java.lang.NoSuchMethodException: stubs.NameWritable.<init>()
	at org.apache.hadoop.mapred.MapTask.createSortingCollector(MapTask.java:416)
	at org.apache.hadoop.mapred.MapTask.access$100(MapTask.java:81)
	at org.apache.hadoop.mapred.MapTask$NewOutputCollector.<init>(MapTask.java:704)
	at org.apache.hadoop.mapred.MapTask.runNewMapper(MapTask.java:776)
	at org.apache.hadoop.mapred.MapTask.run(MapTask.java:341)
	at org.apache.hadoop.mapred.LocalJobRunner$Job$MapTaskRunnable.run(LocalJobRunner.java:270)
	at java.util.concurrent.Executors$RunnableAdapter.call(Executors.java:471)
	at java.util.concurrent.FutureTask.run(FutureTask.java:262)
	at java.util.concurrent.ThreadPoolExecutor.runWorker(ThreadPoolExecutor.java:1145)
	at java.util.concurrent.ThreadPoolExecutor$Worker.run(ThreadPoolExecutor.java:615)
	at java.lang.Thread.run(Thread.java:745)
Caused by: java.lang.RuntimeException: java.lang.NoSuchMethodException: stubs.NameWritable.<init>()
	at org.apache.hadoop.util.ReflectionUtils.newInstance(ReflectionUtils.java:131)
	at org.apache.hadoop.io.WritableComparator.newKey(WritableComparator.java:144)
	at org.apache.hadoop.io.WritableComparator.<init>(WritableComparator.java:130)
	at org.apache.hadoop.io.WritableComparator.get(WritableComparator.java:65)
	at org.apache.hadoop.mapred.JobConf.getOutputKeyComparator(JobConf.java:892)
	at org.apache.hadoop.mapred.MapTask$MapOutputBuffer.init(MapTask.java:1011)
	at org.apache.hadoop.mapred.MapTask.createSortingCollector(MapTask.java:402)
	... 10 more
Caused by: java.lang.NoSuchMethodException: stubs.NameWritable.<init>()
	at java.lang.Class.getConstructor0(Class.java:2849)
	at java.lang.Class.getDeclaredConstructor(Class.java:2053)
	at org.apache.hadoop.util.ReflectionUtils.newInstance(ReflectionUtils.java:125)
	... 16 more
2018-10-07 10:48:27,232 INFO org.apache.hadoop.mapreduce.Job: Job job_local1970371916_0001 running in uber mode : false
2018-10-07 10:48:27,256 INFO org.apache.hadoop.mapreduce.Job:  map 0% reduce 0%
2018-10-07 10:48:27,261 INFO org.apache.hadoop.mapreduce.Job: Job job_local1970371916_0001 failed with state FAILED due to: NA
2018-10-07 10:48:27,274 INFO org.apache.hadoop.mapreduce.Job: Counters: 0
2018-10-07 10:48:49,006 WARN org.apache.hadoop.util.NativeCodeLoader: Unable to load native-hadoop library for your platform... using builtin-java classes where applicable
2018-10-07 10:48:49,654 INFO org.apache.hadoop.conf.Configuration.deprecation: session.id is deprecated. Instead, use dfs.metrics.session-id
2018-10-07 10:48:49,661 INFO org.apache.hadoop.metrics.jvm.JvmMetrics: Initializing JVM Metrics with processName=JobTracker, sessionId=
2018-10-07 10:48:50,034 WARN org.apache.hadoop.mapreduce.JobResourceUploader: No job jar file set.  User classes may not be found. See Job or Job#setJar(String).
2018-10-07 10:48:50,043 INFO org.apache.hadoop.mapreduce.lib.input.FileInputFormat: Total input paths to process : 1
2018-10-07 10:48:50,079 INFO org.apache.hadoop.mapreduce.JobSubmitter: number of splits:1
2018-10-07 10:48:50,314 INFO org.apache.hadoop.mapreduce.JobSubmitter: Submitting tokens for job: job_local61639254_0001
2018-10-07 10:48:50,700 INFO org.apache.hadoop.mapreduce.Job: The url to track the job: http://localhost:8080/
2018-10-07 10:48:50,701 INFO org.apache.hadoop.mapreduce.Job: Running job: job_local61639254_0001
2018-10-07 10:48:50,705 INFO org.apache.hadoop.mapred.LocalJobRunner: OutputCommitter set in config null
2018-10-07 10:48:50,715 INFO org.apache.hadoop.mapreduce.lib.output.FileOutputCommitter: File Output Committer Algorithm version is 1
2018-10-07 10:48:50,715 INFO org.apache.hadoop.mapreduce.lib.output.FileOutputCommitter: FileOutputCommitter skip cleanup _temporary folders under output directory:false, ignore cleanup failures: false
2018-10-07 10:48:50,720 INFO org.apache.hadoop.mapred.LocalJobRunner: OutputCommitter is org.apache.hadoop.mapreduce.lib.output.FileOutputCommitter
2018-10-07 10:48:50,812 INFO org.apache.hadoop.mapred.LocalJobRunner: Waiting for map tasks
2018-10-07 10:48:50,814 INFO org.apache.hadoop.mapred.LocalJobRunner: Starting task: attempt_local61639254_0001_m_000000_0
2018-10-07 10:48:50,864 INFO org.apache.hadoop.mapreduce.lib.output.FileOutputCommitter: File Output Committer Algorithm version is 1
2018-10-07 10:48:50,868 INFO org.apache.hadoop.mapreduce.lib.output.FileOutputCommitter: FileOutputCommitter skip cleanup _temporary folders under output directory:false, ignore cleanup failures: false
2018-10-07 10:48:50,892 INFO org.apache.hadoop.mapred.Task:  Using ResourceCalculatorProcessTree : [ ]
2018-10-07 10:48:50,896 INFO org.apache.hadoop.mapred.MapTask: Processing split: file:/home/cloudera/workspace/word_co-occurrence/test:0+109
2018-10-07 10:48:50,999 INFO org.apache.hadoop.mapred.MapTask: (EQUATOR) 0 kvi 26214396(104857584)
2018-10-07 10:48:50,999 INFO org.apache.hadoop.mapred.MapTask: mapreduce.task.io.sort.mb: 100
2018-10-07 10:48:51,000 INFO org.apache.hadoop.mapred.MapTask: soft limit at 83886080
2018-10-07 10:48:51,000 INFO org.apache.hadoop.mapred.MapTask: bufstart = 0; bufvoid = 104857600
2018-10-07 10:48:51,000 INFO org.apache.hadoop.mapred.MapTask: kvstart = 26214396; length = 6553600
2018-10-07 10:48:51,000 WARN org.apache.hadoop.mapred.MapTask: Unable to initialize MapOutputCollector org.apache.hadoop.mapred.MapTask$MapOutputBuffer
java.lang.RuntimeException: java.lang.NoSuchMethodException: stubs.NameWritable.<init>()
	at org.apache.hadoop.util.ReflectionUtils.newInstance(ReflectionUtils.java:131)
	at org.apache.hadoop.io.WritableComparator.newKey(WritableComparator.java:144)
	at org.apache.hadoop.io.WritableComparator.<init>(WritableComparator.java:130)
	at org.apache.hadoop.io.WritableComparator.get(WritableComparator.java:65)
	at org.apache.hadoop.mapred.JobConf.getOutputKeyComparator(JobConf.java:892)
	at org.apache.hadoop.mapred.MapTask$MapOutputBuffer.init(MapTask.java:1011)
	at org.apache.hadoop.mapred.MapTask.createSortingCollector(MapTask.java:402)
	at org.apache.hadoop.mapred.MapTask.access$100(MapTask.java:81)
	at org.apache.hadoop.mapred.MapTask$NewOutputCollector.<init>(MapTask.java:704)
	at org.apache.hadoop.mapred.MapTask.runNewMapper(MapTask.java:776)
	at org.apache.hadoop.mapred.MapTask.run(MapTask.java:341)
	at org.apache.hadoop.mapred.LocalJobRunner$Job$MapTaskRunnable.run(LocalJobRunner.java:270)
	at java.util.concurrent.Executors$RunnableAdapter.call(Executors.java:471)
	at java.util.concurrent.FutureTask.run(FutureTask.java:262)
	at java.util.concurrent.ThreadPoolExecutor.runWorker(ThreadPoolExecutor.java:1145)
	at java.util.concurrent.ThreadPoolExecutor$Worker.run(ThreadPoolExecutor.java:615)
	at java.lang.Thread.run(Thread.java:745)
Caused by: java.lang.NoSuchMethodException: stubs.NameWritable.<init>()
	at java.lang.Class.getConstructor0(Class.java:2849)
	at java.lang.Class.getDeclaredConstructor(Class.java:2053)
	at org.apache.hadoop.util.ReflectionUtils.newInstance(ReflectionUtils.java:125)
	... 16 more
2018-10-07 10:48:51,002 INFO org.apache.hadoop.mapred.LocalJobRunner: map task executor complete.
2018-10-07 10:48:51,002 WARN org.apache.hadoop.mapred.LocalJobRunner: job_local61639254_0001
java.lang.Exception: java.io.IOException: Initialization of all the collectors failed. Error in last collector was:java.lang.RuntimeException: java.lang.NoSuchMethodException: stubs.NameWritable.<init>()
	at org.apache.hadoop.mapred.LocalJobRunner$Job.runTasks(LocalJobRunner.java:489)
	at org.apache.hadoop.mapred.LocalJobRunner$Job.run(LocalJobRunner.java:549)
Caused by: java.io.IOException: Initialization of all the collectors failed. Error in last collector was:java.lang.RuntimeException: java.lang.NoSuchMethodException: stubs.NameWritable.<init>()
	at org.apache.hadoop.mapred.MapTask.createSortingCollector(MapTask.java:416)
	at org.apache.hadoop.mapred.MapTask.access$100(MapTask.java:81)
	at org.apache.hadoop.mapred.MapTask$NewOutputCollector.<init>(MapTask.java:704)
	at org.apache.hadoop.mapred.MapTask.runNewMapper(MapTask.java:776)
	at org.apache.hadoop.mapred.MapTask.run(MapTask.java:341)
	at org.apache.hadoop.mapred.LocalJobRunner$Job$MapTaskRunnable.run(LocalJobRunner.java:270)
	at java.util.concurrent.Executors$RunnableAdapter.call(Executors.java:471)
	at java.util.concurrent.FutureTask.run(FutureTask.java:262)
	at java.util.concurrent.ThreadPoolExecutor.runWorker(ThreadPoolExecutor.java:1145)
	at java.util.concurrent.ThreadPoolExecutor$Worker.run(ThreadPoolExecutor.java:615)
	at java.lang.Thread.run(Thread.java:745)
Caused by: java.lang.RuntimeException: java.lang.NoSuchMethodException: stubs.NameWritable.<init>()
	at org.apache.hadoop.util.ReflectionUtils.newInstance(ReflectionUtils.java:131)
	at org.apache.hadoop.io.WritableComparator.newKey(WritableComparator.java:144)
	at org.apache.hadoop.io.WritableComparator.<init>(WritableComparator.java:130)
	at org.apache.hadoop.io.WritableComparator.get(WritableComparator.java:65)
	at org.apache.hadoop.mapred.JobConf.getOutputKeyComparator(JobConf.java:892)
	at org.apache.hadoop.mapred.MapTask$MapOutputBuffer.init(MapTask.java:1011)
	at org.apache.hadoop.mapred.MapTask.createSortingCollector(MapTask.java:402)
	... 10 more
Caused by: java.lang.NoSuchMethodException: stubs.NameWritable.<init>()
	at java.lang.Class.getConstructor0(Class.java:2849)
	at java.lang.Class.getDeclaredConstructor(Class.java:2053)
	at org.apache.hadoop.util.ReflectionUtils.newInstance(ReflectionUtils.java:125)
	... 16 more
2018-10-07 10:48:51,705 INFO org.apache.hadoop.mapreduce.Job: Job job_local61639254_0001 running in uber mode : false
2018-10-07 10:48:51,710 INFO org.apache.hadoop.mapreduce.Job:  map 0% reduce 0%
2018-10-07 10:48:51,714 INFO org.apache.hadoop.mapreduce.Job: Job job_local61639254_0001 failed with state FAILED due to: NA
2018-10-07 10:48:51,730 INFO org.apache.hadoop.mapreduce.Job: Counters: 0
2018-10-07 10:51:57,439 WARN org.apache.hadoop.util.NativeCodeLoader: Unable to load native-hadoop library for your platform... using builtin-java classes where applicable
2018-10-07 10:51:58,103 INFO org.apache.hadoop.conf.Configuration.deprecation: session.id is deprecated. Instead, use dfs.metrics.session-id
2018-10-07 10:51:58,113 INFO org.apache.hadoop.metrics.jvm.JvmMetrics: Initializing JVM Metrics with processName=JobTracker, sessionId=
2018-10-07 10:51:58,603 WARN org.apache.hadoop.mapreduce.JobResourceUploader: No job jar file set.  User classes may not be found. See Job or Job#setJar(String).
2018-10-07 10:51:58,610 INFO org.apache.hadoop.mapreduce.lib.input.FileInputFormat: Total input paths to process : 1
2018-10-07 10:51:58,645 INFO org.apache.hadoop.mapreduce.JobSubmitter: number of splits:1
2018-10-07 10:51:58,929 INFO org.apache.hadoop.mapreduce.JobSubmitter: Submitting tokens for job: job_local1710910430_0001
2018-10-07 10:51:59,326 INFO org.apache.hadoop.mapreduce.Job: The url to track the job: http://localhost:8080/
2018-10-07 10:51:59,327 INFO org.apache.hadoop.mapreduce.Job: Running job: job_local1710910430_0001
2018-10-07 10:51:59,331 INFO org.apache.hadoop.mapred.LocalJobRunner: OutputCommitter set in config null
2018-10-07 10:51:59,344 INFO org.apache.hadoop.mapreduce.lib.output.FileOutputCommitter: File Output Committer Algorithm version is 1
2018-10-07 10:51:59,344 INFO org.apache.hadoop.mapreduce.lib.output.FileOutputCommitter: FileOutputCommitter skip cleanup _temporary folders under output directory:false, ignore cleanup failures: false
2018-10-07 10:51:59,349 INFO org.apache.hadoop.mapred.LocalJobRunner: OutputCommitter is org.apache.hadoop.mapreduce.lib.output.FileOutputCommitter
2018-10-07 10:51:59,442 INFO org.apache.hadoop.mapred.LocalJobRunner: Waiting for map tasks
2018-10-07 10:51:59,443 INFO org.apache.hadoop.mapred.LocalJobRunner: Starting task: attempt_local1710910430_0001_m_000000_0
2018-10-07 10:51:59,494 INFO org.apache.hadoop.mapreduce.lib.output.FileOutputCommitter: File Output Committer Algorithm version is 1
2018-10-07 10:51:59,494 INFO org.apache.hadoop.mapreduce.lib.output.FileOutputCommitter: FileOutputCommitter skip cleanup _temporary folders under output directory:false, ignore cleanup failures: false
2018-10-07 10:51:59,514 INFO org.apache.hadoop.mapred.Task:  Using ResourceCalculatorProcessTree : [ ]
2018-10-07 10:51:59,517 INFO org.apache.hadoop.mapred.MapTask: Processing split: file:/home/cloudera/workspace/word_co-occurrence/test:0+109
2018-10-07 10:51:59,604 INFO org.apache.hadoop.mapred.MapTask: (EQUATOR) 0 kvi 26214396(104857584)
2018-10-07 10:51:59,604 INFO org.apache.hadoop.mapred.MapTask: mapreduce.task.io.sort.mb: 100
2018-10-07 10:51:59,604 INFO org.apache.hadoop.mapred.MapTask: soft limit at 83886080
2018-10-07 10:51:59,605 INFO org.apache.hadoop.mapred.MapTask: bufstart = 0; bufvoid = 104857600
2018-10-07 10:51:59,605 INFO org.apache.hadoop.mapred.MapTask: kvstart = 26214396; length = 6553600
2018-10-07 10:51:59,607 WARN org.apache.hadoop.mapred.MapTask: Unable to initialize MapOutputCollector org.apache.hadoop.mapred.MapTask$MapOutputBuffer
java.lang.RuntimeException: java.lang.NoSuchMethodException: stubs.NameWritable.<init>()
	at org.apache.hadoop.util.ReflectionUtils.newInstance(ReflectionUtils.java:131)
	at org.apache.hadoop.io.WritableComparator.newKey(WritableComparator.java:144)
	at org.apache.hadoop.io.WritableComparator.<init>(WritableComparator.java:130)
	at org.apache.hadoop.io.WritableComparator.get(WritableComparator.java:65)
	at org.apache.hadoop.mapred.JobConf.getOutputKeyComparator(JobConf.java:892)
	at org.apache.hadoop.mapred.MapTask$MapOutputBuffer.init(MapTask.java:1011)
	at org.apache.hadoop.mapred.MapTask.createSortingCollector(MapTask.java:402)
	at org.apache.hadoop.mapred.MapTask.access$100(MapTask.java:81)
	at org.apache.hadoop.mapred.MapTask$NewOutputCollector.<init>(MapTask.java:704)
	at org.apache.hadoop.mapred.MapTask.runNewMapper(MapTask.java:776)
	at org.apache.hadoop.mapred.MapTask.run(MapTask.java:341)
	at org.apache.hadoop.mapred.LocalJobRunner$Job$MapTaskRunnable.run(LocalJobRunner.java:270)
	at java.util.concurrent.Executors$RunnableAdapter.call(Executors.java:471)
	at java.util.concurrent.FutureTask.run(FutureTask.java:262)
	at java.util.concurrent.ThreadPoolExecutor.runWorker(ThreadPoolExecutor.java:1145)
	at java.util.concurrent.ThreadPoolExecutor$Worker.run(ThreadPoolExecutor.java:615)
	at java.lang.Thread.run(Thread.java:745)
Caused by: java.lang.NoSuchMethodException: stubs.NameWritable.<init>()
	at java.lang.Class.getConstructor0(Class.java:2849)
	at java.lang.Class.getDeclaredConstructor(Class.java:2053)
	at org.apache.hadoop.util.ReflectionUtils.newInstance(ReflectionUtils.java:125)
	... 16 more
2018-10-07 10:51:59,610 INFO org.apache.hadoop.mapred.LocalJobRunner: map task executor complete.
2018-10-07 10:51:59,611 WARN org.apache.hadoop.mapred.LocalJobRunner: job_local1710910430_0001
java.lang.Exception: java.io.IOException: Initialization of all the collectors failed. Error in last collector was:java.lang.RuntimeException: java.lang.NoSuchMethodException: stubs.NameWritable.<init>()
	at org.apache.hadoop.mapred.LocalJobRunner$Job.runTasks(LocalJobRunner.java:489)
	at org.apache.hadoop.mapred.LocalJobRunner$Job.run(LocalJobRunner.java:549)
Caused by: java.io.IOException: Initialization of all the collectors failed. Error in last collector was:java.lang.RuntimeException: java.lang.NoSuchMethodException: stubs.NameWritable.<init>()
	at org.apache.hadoop.mapred.MapTask.createSortingCollector(MapTask.java:416)
	at org.apache.hadoop.mapred.MapTask.access$100(MapTask.java:81)
	at org.apache.hadoop.mapred.MapTask$NewOutputCollector.<init>(MapTask.java:704)
	at org.apache.hadoop.mapred.MapTask.runNewMapper(MapTask.java:776)
	at org.apache.hadoop.mapred.MapTask.run(MapTask.java:341)
	at org.apache.hadoop.mapred.LocalJobRunner$Job$MapTaskRunnable.run(LocalJobRunner.java:270)
	at java.util.concurrent.Executors$RunnableAdapter.call(Executors.java:471)
	at java.util.concurrent.FutureTask.run(FutureTask.java:262)
	at java.util.concurrent.ThreadPoolExecutor.runWorker(ThreadPoolExecutor.java:1145)
	at java.util.concurrent.ThreadPoolExecutor$Worker.run(ThreadPoolExecutor.java:615)
	at java.lang.Thread.run(Thread.java:745)
Caused by: java.lang.RuntimeException: java.lang.NoSuchMethodException: stubs.NameWritable.<init>()
	at org.apache.hadoop.util.ReflectionUtils.newInstance(ReflectionUtils.java:131)
	at org.apache.hadoop.io.WritableComparator.newKey(WritableComparator.java:144)
	at org.apache.hadoop.io.WritableComparator.<init>(WritableComparator.java:130)
	at org.apache.hadoop.io.WritableComparator.get(WritableComparator.java:65)
	at org.apache.hadoop.mapred.JobConf.getOutputKeyComparator(JobConf.java:892)
	at org.apache.hadoop.mapred.MapTask$MapOutputBuffer.init(MapTask.java:1011)
	at org.apache.hadoop.mapred.MapTask.createSortingCollector(MapTask.java:402)
	... 10 more
Caused by: java.lang.NoSuchMethodException: stubs.NameWritable.<init>()
	at java.lang.Class.getConstructor0(Class.java:2849)
	at java.lang.Class.getDeclaredConstructor(Class.java:2053)
	at org.apache.hadoop.util.ReflectionUtils.newInstance(ReflectionUtils.java:125)
	... 16 more
2018-10-07 10:52:00,338 INFO org.apache.hadoop.mapreduce.Job: Job job_local1710910430_0001 running in uber mode : false
2018-10-07 10:52:00,343 INFO org.apache.hadoop.mapreduce.Job:  map 0% reduce 0%
2018-10-07 10:52:00,353 INFO org.apache.hadoop.mapreduce.Job: Job job_local1710910430_0001 failed with state FAILED due to: NA
2018-10-07 10:52:00,378 INFO org.apache.hadoop.mapreduce.Job: Counters: 0
2018-10-07 10:54:54,747 WARN org.apache.hadoop.util.NativeCodeLoader: Unable to load native-hadoop library for your platform... using builtin-java classes where applicable
2018-10-07 10:54:55,449 INFO org.apache.hadoop.conf.Configuration.deprecation: session.id is deprecated. Instead, use dfs.metrics.session-id
2018-10-07 10:54:55,455 INFO org.apache.hadoop.metrics.jvm.JvmMetrics: Initializing JVM Metrics with processName=JobTracker, sessionId=
2018-10-07 10:54:55,861 WARN org.apache.hadoop.mapreduce.JobResourceUploader: No job jar file set.  User classes may not be found. See Job or Job#setJar(String).
2018-10-07 10:54:55,867 INFO org.apache.hadoop.mapreduce.lib.input.FileInputFormat: Total input paths to process : 1
2018-10-07 10:54:55,899 INFO org.apache.hadoop.mapreduce.JobSubmitter: number of splits:1
2018-10-07 10:54:56,144 INFO org.apache.hadoop.mapreduce.JobSubmitter: Submitting tokens for job: job_local1276765507_0001
2018-10-07 10:54:56,540 INFO org.apache.hadoop.mapreduce.Job: The url to track the job: http://localhost:8080/
2018-10-07 10:54:56,541 INFO org.apache.hadoop.mapreduce.Job: Running job: job_local1276765507_0001
2018-10-07 10:54:56,555 INFO org.apache.hadoop.mapred.LocalJobRunner: OutputCommitter set in config null
2018-10-07 10:54:56,565 INFO org.apache.hadoop.mapreduce.lib.output.FileOutputCommitter: File Output Committer Algorithm version is 1
2018-10-07 10:54:56,565 INFO org.apache.hadoop.mapreduce.lib.output.FileOutputCommitter: FileOutputCommitter skip cleanup _temporary folders under output directory:false, ignore cleanup failures: false
2018-10-07 10:54:56,569 INFO org.apache.hadoop.mapred.LocalJobRunner: OutputCommitter is org.apache.hadoop.mapreduce.lib.output.FileOutputCommitter
2018-10-07 10:54:56,665 INFO org.apache.hadoop.mapred.LocalJobRunner: Waiting for map tasks
2018-10-07 10:54:56,668 INFO org.apache.hadoop.mapred.LocalJobRunner: Starting task: attempt_local1276765507_0001_m_000000_0
2018-10-07 10:54:56,735 INFO org.apache.hadoop.mapreduce.lib.output.FileOutputCommitter: File Output Committer Algorithm version is 1
2018-10-07 10:54:56,739 INFO org.apache.hadoop.mapreduce.lib.output.FileOutputCommitter: FileOutputCommitter skip cleanup _temporary folders under output directory:false, ignore cleanup failures: false
2018-10-07 10:54:56,762 INFO org.apache.hadoop.mapred.Task:  Using ResourceCalculatorProcessTree : [ ]
2018-10-07 10:54:56,768 INFO org.apache.hadoop.mapred.MapTask: Processing split: file:/home/cloudera/workspace/word_co-occurrence/test:0+109
2018-10-07 10:54:56,858 INFO org.apache.hadoop.mapred.MapTask: (EQUATOR) 0 kvi 26214396(104857584)
2018-10-07 10:54:56,858 INFO org.apache.hadoop.mapred.MapTask: mapreduce.task.io.sort.mb: 100
2018-10-07 10:54:56,858 INFO org.apache.hadoop.mapred.MapTask: soft limit at 83886080
2018-10-07 10:54:56,858 INFO org.apache.hadoop.mapred.MapTask: bufstart = 0; bufvoid = 104857600
2018-10-07 10:54:56,858 INFO org.apache.hadoop.mapred.MapTask: kvstart = 26214396; length = 6553600
2018-10-07 10:54:56,859 WARN org.apache.hadoop.mapred.MapTask: Unable to initialize MapOutputCollector org.apache.hadoop.mapred.MapTask$MapOutputBuffer
java.lang.RuntimeException: java.lang.NoSuchMethodException: stubs.NameWritable.<init>()
	at org.apache.hadoop.util.ReflectionUtils.newInstance(ReflectionUtils.java:131)
	at org.apache.hadoop.io.WritableComparator.newKey(WritableComparator.java:144)
	at org.apache.hadoop.io.WritableComparator.<init>(WritableComparator.java:130)
	at org.apache.hadoop.io.WritableComparator.get(WritableComparator.java:65)
	at org.apache.hadoop.mapred.JobConf.getOutputKeyComparator(JobConf.java:892)
	at org.apache.hadoop.mapred.MapTask$MapOutputBuffer.init(MapTask.java:1011)
	at org.apache.hadoop.mapred.MapTask.createSortingCollector(MapTask.java:402)
	at org.apache.hadoop.mapred.MapTask.access$100(MapTask.java:81)
	at org.apache.hadoop.mapred.MapTask$NewOutputCollector.<init>(MapTask.java:704)
	at org.apache.hadoop.mapred.MapTask.runNewMapper(MapTask.java:776)
	at org.apache.hadoop.mapred.MapTask.run(MapTask.java:341)
	at org.apache.hadoop.mapred.LocalJobRunner$Job$MapTaskRunnable.run(LocalJobRunner.java:270)
	at java.util.concurrent.Executors$RunnableAdapter.call(Executors.java:471)
	at java.util.concurrent.FutureTask.run(FutureTask.java:262)
	at java.util.concurrent.ThreadPoolExecutor.runWorker(ThreadPoolExecutor.java:1145)
	at java.util.concurrent.ThreadPoolExecutor$Worker.run(ThreadPoolExecutor.java:615)
	at java.lang.Thread.run(Thread.java:745)
Caused by: java.lang.NoSuchMethodException: stubs.NameWritable.<init>()
	at java.lang.Class.getConstructor0(Class.java:2849)
	at java.lang.Class.getDeclaredConstructor(Class.java:2053)
	at org.apache.hadoop.util.ReflectionUtils.newInstance(ReflectionUtils.java:125)
	... 16 more
2018-10-07 10:54:56,861 INFO org.apache.hadoop.mapred.LocalJobRunner: map task executor complete.
2018-10-07 10:54:56,862 WARN org.apache.hadoop.mapred.LocalJobRunner: job_local1276765507_0001
java.lang.Exception: java.io.IOException: Initialization of all the collectors failed. Error in last collector was:java.lang.RuntimeException: java.lang.NoSuchMethodException: stubs.NameWritable.<init>()
	at org.apache.hadoop.mapred.LocalJobRunner$Job.runTasks(LocalJobRunner.java:489)
	at org.apache.hadoop.mapred.LocalJobRunner$Job.run(LocalJobRunner.java:549)
Caused by: java.io.IOException: Initialization of all the collectors failed. Error in last collector was:java.lang.RuntimeException: java.lang.NoSuchMethodException: stubs.NameWritable.<init>()
	at org.apache.hadoop.mapred.MapTask.createSortingCollector(MapTask.java:416)
	at org.apache.hadoop.mapred.MapTask.access$100(MapTask.java:81)
	at org.apache.hadoop.mapred.MapTask$NewOutputCollector.<init>(MapTask.java:704)
	at org.apache.hadoop.mapred.MapTask.runNewMapper(MapTask.java:776)
	at org.apache.hadoop.mapred.MapTask.run(MapTask.java:341)
	at org.apache.hadoop.mapred.LocalJobRunner$Job$MapTaskRunnable.run(LocalJobRunner.java:270)
	at java.util.concurrent.Executors$RunnableAdapter.call(Executors.java:471)
	at java.util.concurrent.FutureTask.run(FutureTask.java:262)
	at java.util.concurrent.ThreadPoolExecutor.runWorker(ThreadPoolExecutor.java:1145)
	at java.util.concurrent.ThreadPoolExecutor$Worker.run(ThreadPoolExecutor.java:615)
	at java.lang.Thread.run(Thread.java:745)
Caused by: java.lang.RuntimeException: java.lang.NoSuchMethodException: stubs.NameWritable.<init>()
	at org.apache.hadoop.util.ReflectionUtils.newInstance(ReflectionUtils.java:131)
	at org.apache.hadoop.io.WritableComparator.newKey(WritableComparator.java:144)
	at org.apache.hadoop.io.WritableComparator.<init>(WritableComparator.java:130)
	at org.apache.hadoop.io.WritableComparator.get(WritableComparator.java:65)
	at org.apache.hadoop.mapred.JobConf.getOutputKeyComparator(JobConf.java:892)
	at org.apache.hadoop.mapred.MapTask$MapOutputBuffer.init(MapTask.java:1011)
	at org.apache.hadoop.mapred.MapTask.createSortingCollector(MapTask.java:402)
	... 10 more
Caused by: java.lang.NoSuchMethodException: stubs.NameWritable.<init>()
	at java.lang.Class.getConstructor0(Class.java:2849)
	at java.lang.Class.getDeclaredConstructor(Class.java:2053)
	at org.apache.hadoop.util.ReflectionUtils.newInstance(ReflectionUtils.java:125)
	... 16 more
2018-10-07 10:54:57,555 INFO org.apache.hadoop.mapreduce.Job: Job job_local1276765507_0001 running in uber mode : false
2018-10-07 10:54:57,586 INFO org.apache.hadoop.mapreduce.Job:  map 0% reduce 0%
2018-10-07 10:54:57,593 INFO org.apache.hadoop.mapreduce.Job: Job job_local1276765507_0001 failed with state FAILED due to: NA
2018-10-07 10:54:57,614 INFO org.apache.hadoop.mapreduce.Job: Counters: 0
2018-10-07 10:58:17,281 WARN org.apache.hadoop.util.NativeCodeLoader: Unable to load native-hadoop library for your platform... using builtin-java classes where applicable
2018-10-07 10:58:17,969 INFO org.apache.hadoop.conf.Configuration.deprecation: session.id is deprecated. Instead, use dfs.metrics.session-id
2018-10-07 10:58:17,970 INFO org.apache.hadoop.metrics.jvm.JvmMetrics: Initializing JVM Metrics with processName=JobTracker, sessionId=
2018-10-07 10:58:18,390 WARN org.apache.hadoop.mapreduce.JobResourceUploader: No job jar file set.  User classes may not be found. See Job or Job#setJar(String).
2018-10-07 10:58:18,397 INFO org.apache.hadoop.mapreduce.lib.input.FileInputFormat: Total input paths to process : 1
2018-10-07 10:58:18,429 INFO org.apache.hadoop.mapreduce.JobSubmitter: number of splits:1
2018-10-07 10:58:18,688 INFO org.apache.hadoop.mapreduce.JobSubmitter: Submitting tokens for job: job_local817201386_0001
2018-10-07 10:58:19,067 INFO org.apache.hadoop.mapreduce.Job: The url to track the job: http://localhost:8080/
2018-10-07 10:58:19,069 INFO org.apache.hadoop.mapreduce.Job: Running job: job_local817201386_0001
2018-10-07 10:58:19,072 INFO org.apache.hadoop.mapred.LocalJobRunner: OutputCommitter set in config null
2018-10-07 10:58:19,082 INFO org.apache.hadoop.mapreduce.lib.output.FileOutputCommitter: File Output Committer Algorithm version is 1
2018-10-07 10:58:19,084 INFO org.apache.hadoop.mapreduce.lib.output.FileOutputCommitter: FileOutputCommitter skip cleanup _temporary folders under output directory:false, ignore cleanup failures: false
2018-10-07 10:58:19,089 INFO org.apache.hadoop.mapred.LocalJobRunner: OutputCommitter is org.apache.hadoop.mapreduce.lib.output.FileOutputCommitter
2018-10-07 10:58:19,183 INFO org.apache.hadoop.mapred.LocalJobRunner: Waiting for map tasks
2018-10-07 10:58:19,186 INFO org.apache.hadoop.mapred.LocalJobRunner: Starting task: attempt_local817201386_0001_m_000000_0
2018-10-07 10:58:19,242 INFO org.apache.hadoop.mapreduce.lib.output.FileOutputCommitter: File Output Committer Algorithm version is 1
2018-10-07 10:58:19,242 INFO org.apache.hadoop.mapreduce.lib.output.FileOutputCommitter: FileOutputCommitter skip cleanup _temporary folders under output directory:false, ignore cleanup failures: false
2018-10-07 10:58:19,260 INFO org.apache.hadoop.mapred.Task:  Using ResourceCalculatorProcessTree : [ ]
2018-10-07 10:58:19,264 INFO org.apache.hadoop.mapred.MapTask: Processing split: file:/home/cloudera/workspace/word_co-occurrence/test:0+109
2018-10-07 10:58:19,410 INFO org.apache.hadoop.mapred.MapTask: (EQUATOR) 0 kvi 26214396(104857584)
2018-10-07 10:58:19,410 INFO org.apache.hadoop.mapred.MapTask: mapreduce.task.io.sort.mb: 100
2018-10-07 10:58:19,410 INFO org.apache.hadoop.mapred.MapTask: soft limit at 83886080
2018-10-07 10:58:19,410 INFO org.apache.hadoop.mapred.MapTask: bufstart = 0; bufvoid = 104857600
2018-10-07 10:58:19,410 INFO org.apache.hadoop.mapred.MapTask: kvstart = 26214396; length = 6553600
2018-10-07 10:58:19,414 INFO org.apache.hadoop.mapred.MapTask: Map output collector class = org.apache.hadoop.mapred.MapTask$MapOutputBuffer
2018-10-07 10:58:19,419 INFO org.apache.hadoop.mapred.MapTask: Starting flush of map output
2018-10-07 10:58:19,427 INFO org.apache.hadoop.mapred.LocalJobRunner: map task executor complete.
2018-10-07 10:58:19,427 WARN org.apache.hadoop.mapred.LocalJobRunner: job_local817201386_0001
java.lang.Exception: java.io.IOException: Type mismatch in value from map: expected org.apache.hadoop.io.Text, received org.apache.hadoop.io.IntWritable
	at org.apache.hadoop.mapred.LocalJobRunner$Job.runTasks(LocalJobRunner.java:489)
	at org.apache.hadoop.mapred.LocalJobRunner$Job.run(LocalJobRunner.java:549)
Caused by: java.io.IOException: Type mismatch in value from map: expected org.apache.hadoop.io.Text, received org.apache.hadoop.io.IntWritable
	at org.apache.hadoop.mapred.MapTask$MapOutputBuffer.collect(MapTask.java:1084)
	at org.apache.hadoop.mapred.MapTask$NewOutputCollector.write(MapTask.java:721)
	at org.apache.hadoop.mapreduce.task.TaskInputOutputContextImpl.write(TaskInputOutputContextImpl.java:89)
	at org.apache.hadoop.mapreduce.lib.map.WrappedMapper$Context.write(WrappedMapper.java:112)
	at stubs.WordCoMapper.map(WordCoMapper.java:22)
	at stubs.WordCoMapper.map(WordCoMapper.java:1)
	at org.apache.hadoop.mapreduce.Mapper.run(Mapper.java:145)
	at org.apache.hadoop.mapred.MapTask.runNewMapper(MapTask.java:793)
	at org.apache.hadoop.mapred.MapTask.run(MapTask.java:341)
	at org.apache.hadoop.mapred.LocalJobRunner$Job$MapTaskRunnable.run(LocalJobRunner.java:270)
	at java.util.concurrent.Executors$RunnableAdapter.call(Executors.java:471)
	at java.util.concurrent.FutureTask.run(FutureTask.java:262)
	at java.util.concurrent.ThreadPoolExecutor.runWorker(ThreadPoolExecutor.java:1145)
	at java.util.concurrent.ThreadPoolExecutor$Worker.run(ThreadPoolExecutor.java:615)
	at java.lang.Thread.run(Thread.java:745)
2018-10-07 10:58:20,075 INFO org.apache.hadoop.mapreduce.Job: Job job_local817201386_0001 running in uber mode : false
2018-10-07 10:58:20,079 INFO org.apache.hadoop.mapreduce.Job:  map 0% reduce 0%
2018-10-07 10:58:20,086 INFO org.apache.hadoop.mapreduce.Job: Job job_local817201386_0001 failed with state FAILED due to: NA
2018-10-07 10:58:20,108 INFO org.apache.hadoop.mapreduce.Job: Counters: 0
2018-10-07 11:01:51,058 WARN org.apache.hadoop.util.NativeCodeLoader: Unable to load native-hadoop library for your platform... using builtin-java classes where applicable
2018-10-07 11:01:51,826 INFO org.apache.hadoop.conf.Configuration.deprecation: session.id is deprecated. Instead, use dfs.metrics.session-id
2018-10-07 11:01:51,827 INFO org.apache.hadoop.metrics.jvm.JvmMetrics: Initializing JVM Metrics with processName=JobTracker, sessionId=
2018-10-07 11:01:52,318 WARN org.apache.hadoop.mapreduce.JobResourceUploader: No job jar file set.  User classes may not be found. See Job or Job#setJar(String).
2018-10-07 11:01:52,328 INFO org.apache.hadoop.mapreduce.lib.input.FileInputFormat: Total input paths to process : 1
2018-10-07 11:01:52,375 INFO org.apache.hadoop.mapreduce.JobSubmitter: number of splits:1
2018-10-07 11:01:52,628 INFO org.apache.hadoop.mapreduce.JobSubmitter: Submitting tokens for job: job_local1892691925_0001
2018-10-07 11:01:53,054 INFO org.apache.hadoop.mapreduce.Job: The url to track the job: http://localhost:8080/
2018-10-07 11:01:53,054 INFO org.apache.hadoop.mapreduce.Job: Running job: job_local1892691925_0001
2018-10-07 11:01:53,057 INFO org.apache.hadoop.mapred.LocalJobRunner: OutputCommitter set in config null
2018-10-07 11:01:53,070 INFO org.apache.hadoop.mapreduce.lib.output.FileOutputCommitter: File Output Committer Algorithm version is 1
2018-10-07 11:01:53,070 INFO org.apache.hadoop.mapreduce.lib.output.FileOutputCommitter: FileOutputCommitter skip cleanup _temporary folders under output directory:false, ignore cleanup failures: false
2018-10-07 11:01:53,075 INFO org.apache.hadoop.mapred.LocalJobRunner: OutputCommitter is org.apache.hadoop.mapreduce.lib.output.FileOutputCommitter
2018-10-07 11:01:53,180 INFO org.apache.hadoop.mapred.LocalJobRunner: Waiting for map tasks
2018-10-07 11:01:53,181 INFO org.apache.hadoop.mapred.LocalJobRunner: Starting task: attempt_local1892691925_0001_m_000000_0
2018-10-07 11:01:53,248 INFO org.apache.hadoop.mapreduce.lib.output.FileOutputCommitter: File Output Committer Algorithm version is 1
2018-10-07 11:01:53,248 INFO org.apache.hadoop.mapreduce.lib.output.FileOutputCommitter: FileOutputCommitter skip cleanup _temporary folders under output directory:false, ignore cleanup failures: false
2018-10-07 11:01:53,272 INFO org.apache.hadoop.mapred.Task:  Using ResourceCalculatorProcessTree : [ ]
2018-10-07 11:01:53,275 INFO org.apache.hadoop.mapred.MapTask: Processing split: file:/home/cloudera/workspace/word_co-occurrence/test:0+109
2018-10-07 11:01:53,379 INFO org.apache.hadoop.mapred.MapTask: (EQUATOR) 0 kvi 26214396(104857584)
2018-10-07 11:01:53,380 INFO org.apache.hadoop.mapred.MapTask: mapreduce.task.io.sort.mb: 100
2018-10-07 11:01:53,380 INFO org.apache.hadoop.mapred.MapTask: soft limit at 83886080
2018-10-07 11:01:53,380 INFO org.apache.hadoop.mapred.MapTask: bufstart = 0; bufvoid = 104857600
2018-10-07 11:01:53,380 INFO org.apache.hadoop.mapred.MapTask: kvstart = 26214396; length = 6553600
2018-10-07 11:01:53,383 INFO org.apache.hadoop.mapred.MapTask: Map output collector class = org.apache.hadoop.mapred.MapTask$MapOutputBuffer
2018-10-07 11:01:53,387 INFO org.apache.hadoop.mapred.LocalJobRunner: 
2018-10-07 11:01:53,387 INFO org.apache.hadoop.mapred.MapTask: Starting flush of map output
2018-10-07 11:01:53,388 INFO org.apache.hadoop.mapred.MapTask: Spilling map output
2018-10-07 11:01:53,388 INFO org.apache.hadoop.mapred.MapTask: bufstart = 0; bufend = 51; bufvoid = 104857600
2018-10-07 11:01:53,388 INFO org.apache.hadoop.mapred.MapTask: kvstart = 26214396(104857584); kvend = 26214388(104857552); length = 9/6553600
2018-10-07 11:01:53,395 INFO org.apache.hadoop.mapred.MapTask: Finished spill 0
2018-10-07 11:01:53,397 INFO org.apache.hadoop.mapred.Task: Task:attempt_local1892691925_0001_m_000000_0 is done. And is in the process of committing
2018-10-07 11:01:53,403 INFO org.apache.hadoop.mapred.LocalJobRunner: map
2018-10-07 11:01:53,404 INFO org.apache.hadoop.mapred.Task: Task 'attempt_local1892691925_0001_m_000000_0' done.
2018-10-07 11:01:53,404 INFO org.apache.hadoop.mapred.LocalJobRunner: Finishing task: attempt_local1892691925_0001_m_000000_0
2018-10-07 11:01:53,404 INFO org.apache.hadoop.mapred.LocalJobRunner: map task executor complete.
2018-10-07 11:01:53,408 INFO org.apache.hadoop.mapred.LocalJobRunner: Waiting for reduce tasks
2018-10-07 11:01:53,408 INFO org.apache.hadoop.mapred.LocalJobRunner: Starting task: attempt_local1892691925_0001_r_000000_0
2018-10-07 11:01:53,414 INFO org.apache.hadoop.mapreduce.lib.output.FileOutputCommitter: File Output Committer Algorithm version is 1
2018-10-07 11:01:53,414 INFO org.apache.hadoop.mapreduce.lib.output.FileOutputCommitter: FileOutputCommitter skip cleanup _temporary folders under output directory:false, ignore cleanup failures: false
2018-10-07 11:01:53,415 INFO org.apache.hadoop.mapred.Task:  Using ResourceCalculatorProcessTree : [ ]
2018-10-07 11:01:53,419 INFO org.apache.hadoop.mapred.ReduceTask: Using ShuffleConsumerPlugin: org.apache.hadoop.mapreduce.task.reduce.Shuffle@1dc39acc
2018-10-07 11:01:53,434 INFO org.apache.hadoop.mapreduce.task.reduce.MergeManagerImpl: MergerManager: memoryLimit=681154944, maxSingleShuffleLimit=170288736, mergeThreshold=449562272, ioSortFactor=10, memToMemMergeOutputsThreshold=10
2018-10-07 11:01:53,451 INFO org.apache.hadoop.mapreduce.task.reduce.EventFetcher: attempt_local1892691925_0001_r_000000_0 Thread started: EventFetcher for fetching Map Completion Events
2018-10-07 11:01:53,495 INFO org.apache.hadoop.mapreduce.task.reduce.LocalFetcher: localfetcher#1 about to shuffle output of map attempt_local1892691925_0001_m_000000_0 decomp: 59 len: 63 to MEMORY
2018-10-07 11:01:53,511 INFO org.apache.hadoop.mapreduce.task.reduce.InMemoryMapOutput: Read 59 bytes from map-output for attempt_local1892691925_0001_m_000000_0
2018-10-07 11:01:53,512 INFO org.apache.hadoop.mapreduce.task.reduce.MergeManagerImpl: closeInMemoryFile -> map-output of size: 59, inMemoryMapOutputs.size() -> 1, commitMemory -> 0, usedMemory ->59
2018-10-07 11:01:53,514 INFO org.apache.hadoop.mapreduce.task.reduce.EventFetcher: EventFetcher is interrupted.. Returning
2018-10-07 11:01:53,515 INFO org.apache.hadoop.mapred.LocalJobRunner: 1 / 1 copied.
2018-10-07 11:01:53,515 INFO org.apache.hadoop.mapreduce.task.reduce.MergeManagerImpl: finalMerge called with 1 in-memory map-outputs and 0 on-disk map-outputs
2018-10-07 11:01:53,519 INFO org.apache.hadoop.mapred.Merger: Merging 1 sorted segments
2018-10-07 11:01:53,519 INFO org.apache.hadoop.mapred.Merger: Down to the last merge-pass, with 1 segments left of total size: 42 bytes
2018-10-07 11:01:53,520 INFO org.apache.hadoop.mapreduce.task.reduce.MergeManagerImpl: Merged 1 segments, 59 bytes to disk to satisfy reduce memory limit
2018-10-07 11:01:53,520 INFO org.apache.hadoop.mapreduce.task.reduce.MergeManagerImpl: Merging 1 files, 63 bytes from disk
2018-10-07 11:01:53,521 INFO org.apache.hadoop.mapreduce.task.reduce.MergeManagerImpl: Merging 0 segments, 0 bytes from memory into reduce
2018-10-07 11:01:53,521 INFO org.apache.hadoop.mapred.Merger: Merging 1 sorted segments
2018-10-07 11:01:53,521 INFO org.apache.hadoop.mapred.Merger: Down to the last merge-pass, with 1 segments left of total size: 42 bytes
2018-10-07 11:01:53,527 INFO org.apache.hadoop.mapred.LocalJobRunner: 1 / 1 copied.
2018-10-07 11:01:53,537 INFO org.apache.hadoop.conf.Configuration.deprecation: mapred.skip.on is deprecated. Instead, use mapreduce.job.skiprecords
2018-10-07 11:01:53,546 INFO org.apache.hadoop.mapred.Task: Task:attempt_local1892691925_0001_r_000000_0 is done. And is in the process of committing
2018-10-07 11:01:53,547 INFO org.apache.hadoop.mapred.LocalJobRunner: 1 / 1 copied.
2018-10-07 11:01:53,547 INFO org.apache.hadoop.mapred.Task: Task attempt_local1892691925_0001_r_000000_0 is allowed to commit now
2018-10-07 11:01:53,548 INFO org.apache.hadoop.mapreduce.lib.output.FileOutputCommitter: Saved output of task 'attempt_local1892691925_0001_r_000000_0' to file:/home/cloudera/workspace/word_co-occurrence/Output/_temporary/0/task_local1892691925_0001_r_000000
2018-10-07 11:01:53,549 INFO org.apache.hadoop.mapred.LocalJobRunner: reduce > reduce
2018-10-07 11:01:53,549 INFO org.apache.hadoop.mapred.Task: Task 'attempt_local1892691925_0001_r_000000_0' done.
2018-10-07 11:01:53,549 INFO org.apache.hadoop.mapred.LocalJobRunner: Finishing task: attempt_local1892691925_0001_r_000000_0
2018-10-07 11:01:53,549 INFO org.apache.hadoop.mapred.LocalJobRunner: reduce task executor complete.
2018-10-07 11:01:54,064 INFO org.apache.hadoop.mapreduce.Job: Job job_local1892691925_0001 running in uber mode : false
2018-10-07 11:01:54,068 INFO org.apache.hadoop.mapreduce.Job:  map 100% reduce 100%
2018-10-07 11:01:54,075 INFO org.apache.hadoop.mapreduce.Job: Job job_local1892691925_0001 completed successfully
2018-10-07 11:01:54,132 INFO org.apache.hadoop.mapreduce.Job: Counters: 30
	File System Counters
		FILE: Number of bytes read=720
		FILE: Number of bytes written=668976
		FILE: Number of read operations=0
		FILE: Number of large read operations=0
		FILE: Number of write operations=0
	Map-Reduce Framework
		Map input records=3
		Map output records=3
		Map output bytes=51
		Map output materialized bytes=63
		Input split bytes=118
		Combine input records=0
		Combine output records=0
		Reduce input groups=2
		Reduce shuffle bytes=63
		Reduce input records=3
		Reduce output records=2
		Spilled Records=6
		Shuffled Maps =1
		Failed Shuffles=0
		Merged Map outputs=1
		GC time elapsed (ms)=26
		Total committed heap usage (bytes)=331489280
	Shuffle Errors
		BAD_ID=0
		CONNECTION=0
		IO_ERROR=0
		WRONG_LENGTH=0
		WRONG_MAP=0
		WRONG_REDUCE=0
	File Input Format Counters 
		Bytes Read=109
	File Output Format Counters 
		Bytes Written=43
2018-10-07 11:06:09,934 WARN org.apache.hadoop.util.NativeCodeLoader: Unable to load native-hadoop library for your platform... using builtin-java classes where applicable
2018-10-07 11:06:10,571 INFO org.apache.hadoop.conf.Configuration.deprecation: session.id is deprecated. Instead, use dfs.metrics.session-id
2018-10-07 11:06:10,578 INFO org.apache.hadoop.metrics.jvm.JvmMetrics: Initializing JVM Metrics with processName=JobTracker, sessionId=
2018-10-07 11:06:10,989 WARN org.apache.hadoop.mapreduce.JobResourceUploader: No job jar file set.  User classes may not be found. See Job or Job#setJar(String).
2018-10-07 11:06:10,998 INFO org.apache.hadoop.mapreduce.lib.input.FileInputFormat: Total input paths to process : 1
2018-10-07 11:06:11,033 INFO org.apache.hadoop.mapreduce.JobSubmitter: number of splits:1
2018-10-07 11:06:11,283 INFO org.apache.hadoop.mapreduce.JobSubmitter: Submitting tokens for job: job_local1461821050_0001
2018-10-07 11:06:11,731 INFO org.apache.hadoop.mapreduce.Job: The url to track the job: http://localhost:8080/
2018-10-07 11:06:11,733 INFO org.apache.hadoop.mapreduce.Job: Running job: job_local1461821050_0001
2018-10-07 11:06:11,734 INFO org.apache.hadoop.mapred.LocalJobRunner: OutputCommitter set in config null
2018-10-07 11:06:11,746 INFO org.apache.hadoop.mapreduce.lib.output.FileOutputCommitter: File Output Committer Algorithm version is 1
2018-10-07 11:06:11,747 INFO org.apache.hadoop.mapreduce.lib.output.FileOutputCommitter: FileOutputCommitter skip cleanup _temporary folders under output directory:false, ignore cleanup failures: false
2018-10-07 11:06:11,751 INFO org.apache.hadoop.mapred.LocalJobRunner: OutputCommitter is org.apache.hadoop.mapreduce.lib.output.FileOutputCommitter
2018-10-07 11:06:11,818 INFO org.apache.hadoop.mapred.LocalJobRunner: Waiting for map tasks
2018-10-07 11:06:11,819 INFO org.apache.hadoop.mapred.LocalJobRunner: Starting task: attempt_local1461821050_0001_m_000000_0
2018-10-07 11:06:11,867 INFO org.apache.hadoop.mapreduce.lib.output.FileOutputCommitter: File Output Committer Algorithm version is 1
2018-10-07 11:06:11,868 INFO org.apache.hadoop.mapreduce.lib.output.FileOutputCommitter: FileOutputCommitter skip cleanup _temporary folders under output directory:false, ignore cleanup failures: false
2018-10-07 11:06:11,895 INFO org.apache.hadoop.mapred.Task:  Using ResourceCalculatorProcessTree : [ ]
2018-10-07 11:06:11,898 INFO org.apache.hadoop.mapred.MapTask: Processing split: file:/home/cloudera/training_materials/developer/data/nameyeartestdata:0+1576
2018-10-07 11:06:12,036 INFO org.apache.hadoop.mapred.MapTask: (EQUATOR) 0 kvi 26214396(104857584)
2018-10-07 11:06:12,036 INFO org.apache.hadoop.mapred.MapTask: mapreduce.task.io.sort.mb: 100
2018-10-07 11:06:12,036 INFO org.apache.hadoop.mapred.MapTask: soft limit at 83886080
2018-10-07 11:06:12,036 INFO org.apache.hadoop.mapred.MapTask: bufstart = 0; bufvoid = 104857600
2018-10-07 11:06:12,036 INFO org.apache.hadoop.mapred.MapTask: kvstart = 26214396; length = 6553600
2018-10-07 11:06:12,040 INFO org.apache.hadoop.mapred.MapTask: Map output collector class = org.apache.hadoop.mapred.MapTask$MapOutputBuffer
2018-10-07 11:06:12,054 INFO org.apache.hadoop.mapred.LocalJobRunner: 
2018-10-07 11:06:12,058 INFO org.apache.hadoop.mapred.MapTask: Starting flush of map output
2018-10-07 11:06:12,058 INFO org.apache.hadoop.mapred.MapTask: Spilling map output
2018-10-07 11:06:12,059 INFO org.apache.hadoop.mapred.MapTask: bufstart = 0; bufend = 1221; bufvoid = 104857600
2018-10-07 11:06:12,059 INFO org.apache.hadoop.mapred.MapTask: kvstart = 26214396(104857584); kvend = 26214160(104856640); length = 237/6553600
2018-10-07 11:06:12,070 INFO org.apache.hadoop.mapred.MapTask: Finished spill 0
2018-10-07 11:06:12,072 INFO org.apache.hadoop.mapred.Task: Task:attempt_local1461821050_0001_m_000000_0 is done. And is in the process of committing
2018-10-07 11:06:12,079 INFO org.apache.hadoop.mapred.LocalJobRunner: map
2018-10-07 11:06:12,079 INFO org.apache.hadoop.mapred.Task: Task 'attempt_local1461821050_0001_m_000000_0' done.
2018-10-07 11:06:12,079 INFO org.apache.hadoop.mapred.LocalJobRunner: Finishing task: attempt_local1461821050_0001_m_000000_0
2018-10-07 11:06:12,079 INFO org.apache.hadoop.mapred.LocalJobRunner: map task executor complete.
2018-10-07 11:06:12,083 INFO org.apache.hadoop.mapred.LocalJobRunner: Waiting for reduce tasks
2018-10-07 11:06:12,083 INFO org.apache.hadoop.mapred.LocalJobRunner: Starting task: attempt_local1461821050_0001_r_000000_0
2018-10-07 11:06:12,088 INFO org.apache.hadoop.mapreduce.lib.output.FileOutputCommitter: File Output Committer Algorithm version is 1
2018-10-07 11:06:12,088 INFO org.apache.hadoop.mapreduce.lib.output.FileOutputCommitter: FileOutputCommitter skip cleanup _temporary folders under output directory:false, ignore cleanup failures: false
2018-10-07 11:06:12,089 INFO org.apache.hadoop.mapred.Task:  Using ResourceCalculatorProcessTree : [ ]
2018-10-07 11:06:12,090 INFO org.apache.hadoop.mapred.ReduceTask: Using ShuffleConsumerPlugin: org.apache.hadoop.mapreduce.task.reduce.Shuffle@1dc39acc
2018-10-07 11:06:12,102 INFO org.apache.hadoop.mapreduce.task.reduce.MergeManagerImpl: MergerManager: memoryLimit=681154944, maxSingleShuffleLimit=170288736, mergeThreshold=449562272, ioSortFactor=10, memToMemMergeOutputsThreshold=10
2018-10-07 11:06:12,108 INFO org.apache.hadoop.mapreduce.task.reduce.EventFetcher: attempt_local1461821050_0001_r_000000_0 Thread started: EventFetcher for fetching Map Completion Events
2018-10-07 11:06:12,150 INFO org.apache.hadoop.mapreduce.task.reduce.LocalFetcher: localfetcher#1 about to shuffle output of map attempt_local1461821050_0001_m_000000_0 decomp: 1343 len: 1347 to MEMORY
2018-10-07 11:06:12,154 INFO org.apache.hadoop.mapreduce.task.reduce.InMemoryMapOutput: Read 1343 bytes from map-output for attempt_local1461821050_0001_m_000000_0
2018-10-07 11:06:12,155 INFO org.apache.hadoop.mapreduce.task.reduce.MergeManagerImpl: closeInMemoryFile -> map-output of size: 1343, inMemoryMapOutputs.size() -> 1, commitMemory -> 0, usedMemory ->1343
2018-10-07 11:06:12,156 INFO org.apache.hadoop.mapreduce.task.reduce.EventFetcher: EventFetcher is interrupted.. Returning
2018-10-07 11:06:12,157 INFO org.apache.hadoop.mapred.LocalJobRunner: 1 / 1 copied.
2018-10-07 11:06:12,157 INFO org.apache.hadoop.mapreduce.task.reduce.MergeManagerImpl: finalMerge called with 1 in-memory map-outputs and 0 on-disk map-outputs
2018-10-07 11:06:12,162 INFO org.apache.hadoop.mapred.Merger: Merging 1 sorted segments
2018-10-07 11:06:12,163 INFO org.apache.hadoop.mapred.Merger: Down to the last merge-pass, with 1 segments left of total size: 1323 bytes
2018-10-07 11:06:12,164 INFO org.apache.hadoop.mapreduce.task.reduce.MergeManagerImpl: Merged 1 segments, 1343 bytes to disk to satisfy reduce memory limit
2018-10-07 11:06:12,164 INFO org.apache.hadoop.mapreduce.task.reduce.MergeManagerImpl: Merging 1 files, 1347 bytes from disk
2018-10-07 11:06:12,165 INFO org.apache.hadoop.mapreduce.task.reduce.MergeManagerImpl: Merging 0 segments, 0 bytes from memory into reduce
2018-10-07 11:06:12,165 INFO org.apache.hadoop.mapred.Merger: Merging 1 sorted segments
2018-10-07 11:06:12,165 INFO org.apache.hadoop.mapred.Merger: Down to the last merge-pass, with 1 segments left of total size: 1323 bytes
2018-10-07 11:06:12,166 INFO org.apache.hadoop.mapred.LocalJobRunner: 1 / 1 copied.
2018-10-07 11:06:12,180 INFO org.apache.hadoop.conf.Configuration.deprecation: mapred.skip.on is deprecated. Instead, use mapreduce.job.skiprecords
2018-10-07 11:06:12,197 INFO org.apache.hadoop.mapred.Task: Task:attempt_local1461821050_0001_r_000000_0 is done. And is in the process of committing
2018-10-07 11:06:12,199 INFO org.apache.hadoop.mapred.LocalJobRunner: 1 / 1 copied.
2018-10-07 11:06:12,200 INFO org.apache.hadoop.mapred.Task: Task attempt_local1461821050_0001_r_000000_0 is allowed to commit now
2018-10-07 11:06:12,207 INFO org.apache.hadoop.mapreduce.lib.output.FileOutputCommitter: Saved output of task 'attempt_local1461821050_0001_r_000000_0' to file:/home/cloudera/workspace/word_co-occurrence/Output/_temporary/0/task_local1461821050_0001_r_000000
2018-10-07 11:06:12,208 INFO org.apache.hadoop.mapred.LocalJobRunner: reduce > reduce
2018-10-07 11:06:12,208 INFO org.apache.hadoop.mapred.Task: Task 'attempt_local1461821050_0001_r_000000_0' done.
2018-10-07 11:06:12,208 INFO org.apache.hadoop.mapred.LocalJobRunner: Finishing task: attempt_local1461821050_0001_r_000000_0
2018-10-07 11:06:12,208 INFO org.apache.hadoop.mapred.LocalJobRunner: reduce task executor complete.
2018-10-07 11:06:12,747 INFO org.apache.hadoop.mapreduce.Job: Job job_local1461821050_0001 running in uber mode : false
2018-10-07 11:06:12,763 INFO org.apache.hadoop.mapreduce.Job:  map 100% reduce 100%
2018-10-07 11:06:12,770 INFO org.apache.hadoop.mapreduce.Job: Job job_local1461821050_0001 completed successfully
2018-10-07 11:06:12,810 INFO org.apache.hadoop.mapreduce.Job: Counters: 30
	File System Counters
		FILE: Number of bytes read=6260
		FILE: Number of bytes written=673548
		FILE: Number of read operations=0
		FILE: Number of large read operations=0
		FILE: Number of write operations=0
	Map-Reduce Framework
		Map input records=60
		Map output records=60
		Map output bytes=1221
		Map output materialized bytes=1347
		Input split bytes=135
		Combine input records=0
		Combine output records=0
		Reduce input groups=34
		Reduce shuffle bytes=1347
		Reduce input records=60
		Reduce output records=34
		Spilled Records=120
		Shuffled Maps =1
		Failed Shuffles=0
		Merged Map outputs=1
		GC time elapsed (ms)=27
		Total committed heap usage (bytes)=331489280
	Shuffle Errors
		BAD_ID=0
		CONNECTION=0
		IO_ERROR=0
		WRONG_LENGTH=0
		WRONG_MAP=0
		WRONG_REDUCE=0
	File Input Format Counters 
		Bytes Read=1576
	File Output Format Counters 
		Bytes Written=657
