2018-10-11 00:10:49,897 WARN org.apache.hadoop.util.NativeCodeLoader: Unable to load native-hadoop library for your platform... using builtin-java classes where applicable
2018-10-11 00:10:50,995 INFO org.apache.hadoop.conf.Configuration.deprecation: session.id is deprecated. Instead, use dfs.metrics.session-id
2018-10-11 00:10:51,002 INFO org.apache.hadoop.metrics.jvm.JvmMetrics: Initializing JVM Metrics with processName=JobTracker, sessionId=
2018-10-11 00:10:51,890 WARN org.apache.hadoop.mapreduce.JobResourceUploader: No job jar file set.  User classes may not be found. See Job or Job#setJar(String).
2018-10-11 00:10:51,910 INFO org.apache.hadoop.mapreduce.lib.input.FileInputFormat: Total input paths to process : 1
2018-10-11 00:10:52,036 INFO org.apache.hadoop.mapreduce.JobSubmitter: number of splits:2
2018-10-11 00:10:52,466 INFO org.apache.hadoop.mapreduce.JobSubmitter: Submitting tokens for job: job_local1504046191_0001
2018-10-11 00:10:53,119 INFO org.apache.hadoop.mapreduce.Job: The url to track the job: http://localhost:8080/
2018-10-11 00:10:53,121 INFO org.apache.hadoop.mapreduce.Job: Running job: job_local1504046191_0001
2018-10-11 00:10:53,137 INFO org.apache.hadoop.mapred.LocalJobRunner: OutputCommitter set in config null
2018-10-11 00:10:53,159 INFO org.apache.hadoop.mapreduce.lib.output.FileOutputCommitter: File Output Committer Algorithm version is 1
2018-10-11 00:10:53,163 INFO org.apache.hadoop.mapreduce.lib.output.FileOutputCommitter: FileOutputCommitter skip cleanup _temporary folders under output directory:false, ignore cleanup failures: false
2018-10-11 00:10:53,169 INFO org.apache.hadoop.mapred.LocalJobRunner: OutputCommitter is org.apache.hadoop.mapreduce.lib.output.FileOutputCommitter
2018-10-11 00:10:53,291 INFO org.apache.hadoop.mapred.LocalJobRunner: Waiting for map tasks
2018-10-11 00:10:53,291 INFO org.apache.hadoop.mapred.LocalJobRunner: Starting task: attempt_local1504046191_0001_m_000000_0
2018-10-11 00:10:53,397 INFO org.apache.hadoop.mapreduce.lib.output.FileOutputCommitter: File Output Committer Algorithm version is 1
2018-10-11 00:10:53,400 INFO org.apache.hadoop.mapreduce.lib.output.FileOutputCommitter: FileOutputCommitter skip cleanup _temporary folders under output directory:false, ignore cleanup failures: false
2018-10-11 00:10:53,441 INFO org.apache.hadoop.mapred.Task:  Using ResourceCalculatorProcessTree : [ ]
2018-10-11 00:10:53,455 INFO org.apache.hadoop.mapred.MapTask: Processing split: file:/home/cloudera/workspace/top_n_list/TrainingRatings.txt:0+33554432
2018-10-11 00:10:53,915 INFO org.apache.hadoop.mapred.MapTask: (EQUATOR) 0 kvi 26214396(104857584)
2018-10-11 00:10:53,916 INFO org.apache.hadoop.mapred.MapTask: mapreduce.task.io.sort.mb: 100
2018-10-11 00:10:53,916 INFO org.apache.hadoop.mapred.MapTask: soft limit at 83886080
2018-10-11 00:10:53,916 INFO org.apache.hadoop.mapred.MapTask: bufstart = 0; bufvoid = 104857600
2018-10-11 00:10:53,916 INFO org.apache.hadoop.mapred.MapTask: kvstart = 26214396; length = 6553600
2018-10-11 00:10:53,945 INFO org.apache.hadoop.mapred.MapTask: Map output collector class = org.apache.hadoop.mapred.MapTask$MapOutputBuffer
2018-10-11 00:10:54,157 INFO org.apache.hadoop.mapreduce.Job: Job job_local1504046191_0001 running in uber mode : false
2018-10-11 00:10:54,162 INFO org.apache.hadoop.mapreduce.Job:  map 0% reduce 0%
2018-10-11 00:10:58,669 INFO org.apache.hadoop.mapred.LocalJobRunner: 
2018-10-11 00:10:58,672 INFO org.apache.hadoop.mapred.MapTask: Starting flush of map output
2018-10-11 00:10:58,672 INFO org.apache.hadoop.mapred.MapTask: Spilling map output
2018-10-11 00:10:58,672 INFO org.apache.hadoop.mapred.MapTask: bufstart = 0; bufend = 15293848; bufvoid = 104857600
2018-10-11 00:10:58,673 INFO org.apache.hadoop.mapred.MapTask: kvstart = 26214396(104857584); kvend = 18567476(74269904); length = 7646921/6553600
2018-10-11 00:11:00,733 INFO org.apache.hadoop.mapred.MapTask: Finished spill 0
2018-10-11 00:11:00,750 INFO org.apache.hadoop.mapred.Task: Task:attempt_local1504046191_0001_m_000000_0 is done. And is in the process of committing
2018-10-11 00:11:00,765 INFO org.apache.hadoop.mapred.LocalJobRunner: map
2018-10-11 00:11:00,765 INFO org.apache.hadoop.mapred.Task: Task 'attempt_local1504046191_0001_m_000000_0' done.
2018-10-11 00:11:00,765 INFO org.apache.hadoop.mapred.LocalJobRunner: Finishing task: attempt_local1504046191_0001_m_000000_0
2018-10-11 00:11:00,765 INFO org.apache.hadoop.mapred.LocalJobRunner: Starting task: attempt_local1504046191_0001_m_000001_0
2018-10-11 00:11:00,767 INFO org.apache.hadoop.mapreduce.lib.output.FileOutputCommitter: File Output Committer Algorithm version is 1
2018-10-11 00:11:00,767 INFO org.apache.hadoop.mapreduce.lib.output.FileOutputCommitter: FileOutputCommitter skip cleanup _temporary folders under output directory:false, ignore cleanup failures: false
2018-10-11 00:11:00,767 INFO org.apache.hadoop.mapred.Task:  Using ResourceCalculatorProcessTree : [ ]
2018-10-11 00:11:00,783 INFO org.apache.hadoop.mapred.MapTask: Processing split: file:/home/cloudera/workspace/top_n_list/TrainingRatings.txt:33554432+24969576
2018-10-11 00:11:00,818 INFO org.apache.hadoop.mapred.MapTask: (EQUATOR) 0 kvi 26214396(104857584)
2018-10-11 00:11:00,818 INFO org.apache.hadoop.mapred.MapTask: mapreduce.task.io.sort.mb: 100
2018-10-11 00:11:00,818 INFO org.apache.hadoop.mapred.MapTask: soft limit at 83886080
2018-10-11 00:11:00,818 INFO org.apache.hadoop.mapred.MapTask: bufstart = 0; bufvoid = 104857600
2018-10-11 00:11:00,818 INFO org.apache.hadoop.mapred.MapTask: kvstart = 26214396; length = 6553600
2018-10-11 00:11:00,819 INFO org.apache.hadoop.mapred.MapTask: Map output collector class = org.apache.hadoop.mapred.MapTask$MapOutputBuffer
2018-10-11 00:11:01,169 INFO org.apache.hadoop.mapreduce.Job:  map 100% reduce 0%
2018-10-11 00:11:02,365 INFO org.apache.hadoop.mapred.LocalJobRunner: 
2018-10-11 00:11:02,379 INFO org.apache.hadoop.mapred.MapTask: Starting flush of map output
2018-10-11 00:11:02,379 INFO org.apache.hadoop.mapred.MapTask: Spilling map output
2018-10-11 00:11:02,380 INFO org.apache.hadoop.mapred.MapTask: bufstart = 0; bufend = 10748968; bufvoid = 104857600
2018-10-11 00:11:02,381 INFO org.apache.hadoop.mapred.MapTask: kvstart = 26214396(104857584); kvend = 20839916(83359664); length = 5374481/6553600
2018-10-11 00:11:03,171 INFO org.apache.hadoop.mapreduce.Job:  map 50% reduce 0%
2018-10-11 00:11:03,422 INFO org.apache.hadoop.mapred.MapTask: Finished spill 0
2018-10-11 00:11:03,425 INFO org.apache.hadoop.mapred.Task: Task:attempt_local1504046191_0001_m_000001_0 is done. And is in the process of committing
2018-10-11 00:11:03,428 INFO org.apache.hadoop.mapred.LocalJobRunner: map
2018-10-11 00:11:03,429 INFO org.apache.hadoop.mapred.Task: Task 'attempt_local1504046191_0001_m_000001_0' done.
2018-10-11 00:11:03,429 INFO org.apache.hadoop.mapred.LocalJobRunner: Finishing task: attempt_local1504046191_0001_m_000001_0
2018-10-11 00:11:03,429 INFO org.apache.hadoop.mapred.LocalJobRunner: map task executor complete.
2018-10-11 00:11:03,437 INFO org.apache.hadoop.mapred.LocalJobRunner: Waiting for reduce tasks
2018-10-11 00:11:03,438 INFO org.apache.hadoop.mapred.LocalJobRunner: Starting task: attempt_local1504046191_0001_r_000000_0
2018-10-11 00:11:03,445 INFO org.apache.hadoop.mapreduce.lib.output.FileOutputCommitter: File Output Committer Algorithm version is 1
2018-10-11 00:11:03,445 INFO org.apache.hadoop.mapreduce.lib.output.FileOutputCommitter: FileOutputCommitter skip cleanup _temporary folders under output directory:false, ignore cleanup failures: false
2018-10-11 00:11:03,445 INFO org.apache.hadoop.mapred.Task:  Using ResourceCalculatorProcessTree : [ ]
2018-10-11 00:11:03,451 INFO org.apache.hadoop.mapred.ReduceTask: Using ShuffleConsumerPlugin: org.apache.hadoop.mapreduce.task.reduce.Shuffle@49da30e5
2018-10-11 00:11:03,465 INFO org.apache.hadoop.mapreduce.task.reduce.MergeManagerImpl: MergerManager: memoryLimit=681154944, maxSingleShuffleLimit=170288736, mergeThreshold=449562272, ioSortFactor=10, memToMemMergeOutputsThreshold=10
2018-10-11 00:11:03,470 INFO org.apache.hadoop.mapreduce.task.reduce.EventFetcher: attempt_local1504046191_0001_r_000000_0 Thread started: EventFetcher for fetching Map Completion Events
2018-10-11 00:11:03,511 INFO org.apache.hadoop.mapreduce.task.reduce.LocalFetcher: localfetcher#1 about to shuffle output of map attempt_local1504046191_0001_m_000000_0 decomp: 19117312 len: 19117316 to MEMORY
2018-10-11 00:11:03,688 INFO org.apache.hadoop.mapreduce.task.reduce.InMemoryMapOutput: Read 19117312 bytes from map-output for attempt_local1504046191_0001_m_000000_0
2018-10-11 00:11:03,695 INFO org.apache.hadoop.mapreduce.task.reduce.MergeManagerImpl: closeInMemoryFile -> map-output of size: 19117312, inMemoryMapOutputs.size() -> 1, commitMemory -> 0, usedMemory ->19117312
2018-10-11 00:11:03,713 INFO org.apache.hadoop.mapreduce.task.reduce.LocalFetcher: localfetcher#1 about to shuffle output of map attempt_local1504046191_0001_m_000001_0 decomp: 13436212 len: 13436216 to MEMORY
2018-10-11 00:11:03,883 INFO org.apache.hadoop.mapreduce.task.reduce.InMemoryMapOutput: Read 13436212 bytes from map-output for attempt_local1504046191_0001_m_000001_0
2018-10-11 00:11:03,883 INFO org.apache.hadoop.mapreduce.task.reduce.MergeManagerImpl: closeInMemoryFile -> map-output of size: 13436212, inMemoryMapOutputs.size() -> 2, commitMemory -> 19117312, usedMemory ->32553524
2018-10-11 00:11:03,884 INFO org.apache.hadoop.mapreduce.task.reduce.EventFetcher: EventFetcher is interrupted.. Returning
2018-10-11 00:11:03,885 INFO org.apache.hadoop.mapred.LocalJobRunner: 2 / 2 copied.
2018-10-11 00:11:03,885 INFO org.apache.hadoop.mapreduce.task.reduce.MergeManagerImpl: finalMerge called with 2 in-memory map-outputs and 0 on-disk map-outputs
2018-10-11 00:11:03,894 INFO org.apache.hadoop.mapred.Merger: Merging 2 sorted segments
2018-10-11 00:11:03,895 INFO org.apache.hadoop.mapred.Merger: Down to the last merge-pass, with 2 segments left of total size: 32553512 bytes
2018-10-11 00:11:04,172 INFO org.apache.hadoop.mapreduce.Job:  map 100% reduce 0%
2018-10-11 00:11:06,089 INFO org.apache.hadoop.mapreduce.task.reduce.MergeManagerImpl: Merged 2 segments, 32553524 bytes to disk to satisfy reduce memory limit
2018-10-11 00:11:06,091 INFO org.apache.hadoop.mapreduce.task.reduce.MergeManagerImpl: Merging 1 files, 32553526 bytes from disk
2018-10-11 00:11:06,095 INFO org.apache.hadoop.mapreduce.task.reduce.MergeManagerImpl: Merging 0 segments, 0 bytes from memory into reduce
2018-10-11 00:11:06,095 INFO org.apache.hadoop.mapred.Merger: Merging 1 sorted segments
2018-10-11 00:11:06,096 INFO org.apache.hadoop.mapred.Merger: Down to the last merge-pass, with 1 segments left of total size: 32553516 bytes
2018-10-11 00:11:06,096 INFO org.apache.hadoop.mapred.LocalJobRunner: 2 / 2 copied.
2018-10-11 00:11:06,118 INFO org.apache.hadoop.conf.Configuration.deprecation: mapred.skip.on is deprecated. Instead, use mapreduce.job.skiprecords
2018-10-11 00:11:08,717 INFO org.apache.hadoop.mapred.Task: Task:attempt_local1504046191_0001_r_000000_0 is done. And is in the process of committing
2018-10-11 00:11:08,725 INFO org.apache.hadoop.mapred.LocalJobRunner: 2 / 2 copied.
2018-10-11 00:11:08,730 INFO org.apache.hadoop.mapred.Task: Task attempt_local1504046191_0001_r_000000_0 is allowed to commit now
2018-10-11 00:11:08,733 INFO org.apache.hadoop.mapreduce.lib.output.FileOutputCommitter: Saved output of task 'attempt_local1504046191_0001_r_000000_0' to file:/home/cloudera/workspace/top_n_list/output/aggregate/_temporary/0/task_local1504046191_0001_r_000000
2018-10-11 00:11:08,739 INFO org.apache.hadoop.mapred.LocalJobRunner: reduce > reduce
2018-10-11 00:11:08,741 INFO org.apache.hadoop.mapred.Task: Task 'attempt_local1504046191_0001_r_000000_0' done.
2018-10-11 00:11:08,741 INFO org.apache.hadoop.mapred.LocalJobRunner: Finishing task: attempt_local1504046191_0001_r_000000_0
2018-10-11 00:11:08,741 INFO org.apache.hadoop.mapred.LocalJobRunner: reduce task executor complete.
2018-10-11 00:11:09,175 INFO org.apache.hadoop.mapreduce.Job:  map 100% reduce 100%
2018-10-11 00:11:09,176 INFO org.apache.hadoop.mapreduce.Job: Job job_local1504046191_0001 completed successfully
2018-10-11 00:11:09,199 INFO org.apache.hadoop.mapreduce.Job: Counters: 30
	File System Counters
		FILE: Number of bytes read=215723374
		FILE: Number of bytes written=117798196
		FILE: Number of read operations=0
		FILE: Number of large read operations=0
		FILE: Number of write operations=0
	Map-Reduce Framework
		Map input records=3255352
		Map output records=3255352
		Map output bytes=26042816
		Map output materialized bytes=32553532
		Input split bytes=250
		Combine input records=0
		Combine output records=0
		Reduce input groups=1821
		Reduce shuffle bytes=32553532
		Reduce input records=3255352
		Reduce output records=1821
		Spilled Records=6510704
		Shuffled Maps =2
		Failed Shuffles=0
		Merged Map outputs=2
		GC time elapsed (ms)=132
		Total committed heap usage (bytes)=638791680
	Shuffle Errors
		BAD_ID=0
		CONNECTION=0
		IO_ERROR=0
		WRONG_LENGTH=0
		WRONG_MAP=0
		WRONG_REDUCE=0
	File Input Format Counters 
		Bytes Read=58528104
	File Output Format Counters 
		Bytes Written=18196
2018-10-11 00:11:09,206 INFO org.apache.hadoop.metrics.jvm.JvmMetrics: Cannot initialize JVM Metrics with processName=JobTracker, sessionId= - already initialized
2018-10-11 00:11:09,236 WARN org.apache.hadoop.mapreduce.JobResourceUploader: No job jar file set.  User classes may not be found. See Job or Job#setJar(String).
2018-10-11 00:11:09,255 INFO org.apache.hadoop.mapreduce.lib.input.FileInputFormat: Total input paths to process : 1
2018-10-11 00:11:09,281 INFO org.apache.hadoop.mapreduce.JobSubmitter: number of splits:1
2018-10-11 00:11:09,333 INFO org.apache.hadoop.mapreduce.JobSubmitter: Submitting tokens for job: job_local1790520096_0002
2018-10-11 00:11:09,584 INFO org.apache.hadoop.mapreduce.Job: The url to track the job: http://localhost:8080/
2018-10-11 00:11:09,585 INFO org.apache.hadoop.mapreduce.Job: Running job: job_local1790520096_0002
2018-10-11 00:11:09,586 INFO org.apache.hadoop.mapred.LocalJobRunner: OutputCommitter set in config null
2018-10-11 00:11:09,589 INFO org.apache.hadoop.mapreduce.lib.output.FileOutputCommitter: File Output Committer Algorithm version is 1
2018-10-11 00:11:09,589 INFO org.apache.hadoop.mapreduce.lib.output.FileOutputCommitter: FileOutputCommitter skip cleanup _temporary folders under output directory:false, ignore cleanup failures: false
2018-10-11 00:11:09,589 INFO org.apache.hadoop.mapred.LocalJobRunner: OutputCommitter is org.apache.hadoop.mapreduce.lib.output.FileOutputCommitter
2018-10-11 00:11:09,595 INFO org.apache.hadoop.mapred.LocalJobRunner: Waiting for map tasks
2018-10-11 00:11:09,595 INFO org.apache.hadoop.mapred.LocalJobRunner: Starting task: attempt_local1790520096_0002_m_000000_0
2018-10-11 00:11:09,599 INFO org.apache.hadoop.mapreduce.lib.output.FileOutputCommitter: File Output Committer Algorithm version is 1
2018-10-11 00:11:09,599 INFO org.apache.hadoop.mapreduce.lib.output.FileOutputCommitter: FileOutputCommitter skip cleanup _temporary folders under output directory:false, ignore cleanup failures: false
2018-10-11 00:11:09,600 INFO org.apache.hadoop.mapred.Task:  Using ResourceCalculatorProcessTree : [ ]
2018-10-11 00:11:09,602 INFO org.apache.hadoop.mapred.MapTask: Processing split: file:/home/cloudera/workspace/top_n_list/output/aggregate/part-r-00000:0+18044
2018-10-11 00:11:09,668 INFO org.apache.hadoop.mapred.MapTask: (EQUATOR) 0 kvi 26214396(104857584)
2018-10-11 00:11:09,669 INFO org.apache.hadoop.mapred.MapTask: mapreduce.task.io.sort.mb: 100
2018-10-11 00:11:09,669 INFO org.apache.hadoop.mapred.MapTask: soft limit at 83886080
2018-10-11 00:11:09,669 INFO org.apache.hadoop.mapred.MapTask: bufstart = 0; bufvoid = 104857600
2018-10-11 00:11:09,669 INFO org.apache.hadoop.mapred.MapTask: kvstart = 26214396; length = 6553600
2018-10-11 00:11:09,676 INFO org.apache.hadoop.mapred.MapTask: Map output collector class = org.apache.hadoop.mapred.MapTask$MapOutputBuffer
2018-10-11 00:11:10,361 INFO org.apache.hadoop.mapred.LocalJobRunner: 
2018-10-11 00:11:10,364 INFO org.apache.hadoop.mapred.MapTask: Starting flush of map output
2018-10-11 00:11:10,364 INFO org.apache.hadoop.mapred.MapTask: Spilling map output
2018-10-11 00:11:10,364 INFO org.apache.hadoop.mapred.MapTask: bufstart = 0; bufend = 113; bufvoid = 104857600
2018-10-11 00:11:10,366 INFO org.apache.hadoop.mapred.MapTask: kvstart = 26214396(104857584); kvend = 26214360(104857440); length = 37/6553600
2018-10-11 00:11:10,372 INFO org.apache.hadoop.mapred.MapTask: Finished spill 0
2018-10-11 00:11:10,380 INFO org.apache.hadoop.mapred.Task: Task:attempt_local1790520096_0002_m_000000_0 is done. And is in the process of committing
2018-10-11 00:11:10,383 INFO org.apache.hadoop.mapred.LocalJobRunner: map
2018-10-11 00:11:10,384 INFO org.apache.hadoop.mapred.Task: Task 'attempt_local1790520096_0002_m_000000_0' done.
2018-10-11 00:11:10,385 INFO org.apache.hadoop.mapred.LocalJobRunner: Finishing task: attempt_local1790520096_0002_m_000000_0
2018-10-11 00:11:10,385 INFO org.apache.hadoop.mapred.LocalJobRunner: map task executor complete.
2018-10-11 00:11:10,402 INFO org.apache.hadoop.mapred.LocalJobRunner: Waiting for reduce tasks
2018-10-11 00:11:10,402 INFO org.apache.hadoop.mapred.LocalJobRunner: Starting task: attempt_local1790520096_0002_r_000000_0
2018-10-11 00:11:10,406 INFO org.apache.hadoop.mapreduce.lib.output.FileOutputCommitter: File Output Committer Algorithm version is 1
2018-10-11 00:11:10,407 INFO org.apache.hadoop.mapreduce.lib.output.FileOutputCommitter: FileOutputCommitter skip cleanup _temporary folders under output directory:false, ignore cleanup failures: false
2018-10-11 00:11:10,407 INFO org.apache.hadoop.mapred.Task:  Using ResourceCalculatorProcessTree : [ ]
2018-10-11 00:11:10,407 INFO org.apache.hadoop.mapred.ReduceTask: Using ShuffleConsumerPlugin: org.apache.hadoop.mapreduce.task.reduce.Shuffle@5b6e9e55
2018-10-11 00:11:10,420 INFO org.apache.hadoop.mapreduce.task.reduce.MergeManagerImpl: MergerManager: memoryLimit=681154944, maxSingleShuffleLimit=170288736, mergeThreshold=449562272, ioSortFactor=10, memToMemMergeOutputsThreshold=10
2018-10-11 00:11:10,428 INFO org.apache.hadoop.mapreduce.task.reduce.EventFetcher: attempt_local1790520096_0002_r_000000_0 Thread started: EventFetcher for fetching Map Completion Events
2018-10-11 00:11:10,431 INFO org.apache.hadoop.mapreduce.task.reduce.LocalFetcher: localfetcher#2 about to shuffle output of map attempt_local1790520096_0002_m_000000_0 decomp: 135 len: 139 to MEMORY
2018-10-11 00:11:10,431 INFO org.apache.hadoop.mapreduce.task.reduce.InMemoryMapOutput: Read 135 bytes from map-output for attempt_local1790520096_0002_m_000000_0
2018-10-11 00:11:10,431 INFO org.apache.hadoop.mapreduce.task.reduce.MergeManagerImpl: closeInMemoryFile -> map-output of size: 135, inMemoryMapOutputs.size() -> 1, commitMemory -> 0, usedMemory ->135
2018-10-11 00:11:10,431 INFO org.apache.hadoop.mapreduce.task.reduce.EventFetcher: EventFetcher is interrupted.. Returning
2018-10-11 00:11:10,432 INFO org.apache.hadoop.mapred.LocalJobRunner: 1 / 1 copied.
2018-10-11 00:11:10,432 INFO org.apache.hadoop.mapreduce.task.reduce.MergeManagerImpl: finalMerge called with 1 in-memory map-outputs and 0 on-disk map-outputs
2018-10-11 00:11:10,433 INFO org.apache.hadoop.mapred.Merger: Merging 1 sorted segments
2018-10-11 00:11:10,433 INFO org.apache.hadoop.mapred.Merger: Down to the last merge-pass, with 1 segments left of total size: 133 bytes
2018-10-11 00:11:10,436 INFO org.apache.hadoop.mapreduce.task.reduce.MergeManagerImpl: Merged 1 segments, 135 bytes to disk to satisfy reduce memory limit
2018-10-11 00:11:10,436 INFO org.apache.hadoop.mapreduce.task.reduce.MergeManagerImpl: Merging 1 files, 139 bytes from disk
2018-10-11 00:11:10,436 INFO org.apache.hadoop.mapreduce.task.reduce.MergeManagerImpl: Merging 0 segments, 0 bytes from memory into reduce
2018-10-11 00:11:10,436 INFO org.apache.hadoop.mapred.Merger: Merging 1 sorted segments
2018-10-11 00:11:10,437 INFO org.apache.hadoop.mapred.Merger: Down to the last merge-pass, with 1 segments left of total size: 133 bytes
2018-10-11 00:11:10,437 INFO org.apache.hadoop.mapred.LocalJobRunner: 1 / 1 copied.
2018-10-11 00:11:10,587 INFO org.apache.hadoop.mapreduce.Job: Job job_local1790520096_0002 running in uber mode : false
2018-10-11 00:11:10,587 INFO org.apache.hadoop.mapreduce.Job:  map 100% reduce 0%
2018-10-11 00:11:10,617 INFO org.apache.hadoop.mapred.Task: Task:attempt_local1790520096_0002_r_000000_0 is done. And is in the process of committing
2018-10-11 00:11:10,620 INFO org.apache.hadoop.mapred.LocalJobRunner: 1 / 1 copied.
2018-10-11 00:11:10,620 INFO org.apache.hadoop.mapred.Task: Task attempt_local1790520096_0002_r_000000_0 is allowed to commit now
2018-10-11 00:11:10,621 INFO org.apache.hadoop.mapreduce.lib.output.FileOutputCommitter: Saved output of task 'attempt_local1790520096_0002_r_000000_0' to file:/home/cloudera/workspace/top_n_list/out/_temporary/0/task_local1790520096_0002_r_000000
2018-10-11 00:11:10,621 INFO org.apache.hadoop.mapred.LocalJobRunner: reduce > reduce
2018-10-11 00:11:10,621 INFO org.apache.hadoop.mapred.Task: Task 'attempt_local1790520096_0002_r_000000_0' done.
2018-10-11 00:11:10,621 INFO org.apache.hadoop.mapred.LocalJobRunner: Finishing task: attempt_local1790520096_0002_r_000000_0
2018-10-11 00:11:10,621 INFO org.apache.hadoop.mapred.LocalJobRunner: reduce task executor complete.
2018-10-11 00:11:11,588 INFO org.apache.hadoop.mapreduce.Job:  map 100% reduce 100%
2018-10-11 00:11:11,593 INFO org.apache.hadoop.mapreduce.Job: Job job_local1790520096_0002 completed successfully
2018-10-11 00:11:11,622 INFO org.apache.hadoop.mapreduce.Job: Counters: 30
	File System Counters
		FILE: Number of bytes read=247308734
		FILE: Number of bytes written=131588653
		FILE: Number of read operations=0
		FILE: Number of large read operations=0
		FILE: Number of write operations=0
	Map-Reduce Framework
		Map input records=1821
		Map output records=10
		Map output bytes=113
		Map output materialized bytes=139
		Input split bytes=135
		Combine input records=0
		Combine output records=0
		Reduce input groups=1
		Reduce shuffle bytes=139
		Reduce input records=10
		Reduce output records=10
		Spilled Records=20
		Shuffled Maps =1
		Failed Shuffles=0
		Merged Map outputs=1
		GC time elapsed (ms)=42
		Total committed heap usage (bytes)=395452416
	Shuffle Errors
		BAD_ID=0
		CONNECTION=0
		IO_ERROR=0
		WRONG_LENGTH=0
		WRONG_MAP=0
		WRONG_REDUCE=0
	File Input Format Counters 
		Bytes Read=18200
	File Output Format Counters 
		Bytes Written=234
