2018-10-28 05:22:54,944 WARN org.apache.hadoop.util.NativeCodeLoader: Unable to load native-hadoop library for your platform... using builtin-java classes where applicable
2018-10-28 05:22:55,599 INFO org.apache.hadoop.conf.Configuration.deprecation: session.id is deprecated. Instead, use dfs.metrics.session-id
2018-10-28 05:22:55,602 INFO org.apache.hadoop.metrics.jvm.JvmMetrics: Initializing JVM Metrics with processName=JobTracker, sessionId=
2018-10-28 05:22:55,748 WARN org.apache.hadoop.security.UserGroupInformation: PriviledgedActionException as:cloudera (auth:SIMPLE) cause:org.apache.hadoop.mapred.InvalidJobConfException: Output directory not set.
2018-10-28 05:24:39,512 WARN org.apache.hadoop.util.NativeCodeLoader: Unable to load native-hadoop library for your platform... using builtin-java classes where applicable
2018-10-28 05:24:40,145 INFO org.apache.hadoop.conf.Configuration.deprecation: session.id is deprecated. Instead, use dfs.metrics.session-id
2018-10-28 05:24:40,147 INFO org.apache.hadoop.metrics.jvm.JvmMetrics: Initializing JVM Metrics with processName=JobTracker, sessionId=
2018-10-28 05:24:40,287 WARN org.apache.hadoop.security.UserGroupInformation: PriviledgedActionException as:cloudera (auth:SIMPLE) cause:org.apache.hadoop.mapred.InvalidJobConfException: Output directory not set.
2018-10-28 05:27:23,358 WARN org.apache.hadoop.util.NativeCodeLoader: Unable to load native-hadoop library for your platform... using builtin-java classes where applicable
2018-10-28 05:27:24,097 INFO org.apache.hadoop.conf.Configuration.deprecation: session.id is deprecated. Instead, use dfs.metrics.session-id
2018-10-28 05:27:24,102 INFO org.apache.hadoop.metrics.jvm.JvmMetrics: Initializing JVM Metrics with processName=JobTracker, sessionId=
2018-10-28 05:27:24,609 WARN org.apache.hadoop.mapreduce.JobResourceUploader: No job jar file set.  User classes may not be found. See Job or Job#setJar(String).
2018-10-28 05:27:24,617 INFO org.apache.hadoop.mapreduce.lib.input.FileInputFormat: Total input paths to process : 1
2018-10-28 05:27:24,654 INFO org.apache.hadoop.mapreduce.JobSubmitter: number of splits:1
2018-10-28 05:27:24,899 INFO org.apache.hadoop.mapreduce.JobSubmitter: Submitting tokens for job: job_local1268382133_0001
2018-10-28 05:27:25,316 INFO org.apache.hadoop.mapreduce.Job: The url to track the job: http://localhost:8080/
2018-10-28 05:27:25,317 INFO org.apache.hadoop.mapreduce.Job: Running job: job_local1268382133_0001
2018-10-28 05:27:25,322 INFO org.apache.hadoop.mapred.LocalJobRunner: OutputCommitter set in config null
2018-10-28 05:27:25,331 INFO org.apache.hadoop.mapreduce.lib.output.FileOutputCommitter: File Output Committer Algorithm version is 1
2018-10-28 05:27:25,333 INFO org.apache.hadoop.mapreduce.lib.output.FileOutputCommitter: FileOutputCommitter skip cleanup _temporary folders under output directory:false, ignore cleanup failures: false
2018-10-28 05:27:25,339 INFO org.apache.hadoop.mapred.LocalJobRunner: OutputCommitter is org.apache.hadoop.mapreduce.lib.output.FileOutputCommitter
2018-10-28 05:27:25,435 INFO org.apache.hadoop.mapred.LocalJobRunner: Waiting for map tasks
2018-10-28 05:27:25,436 INFO org.apache.hadoop.mapred.LocalJobRunner: Starting task: attempt_local1268382133_0001_m_000000_0
2018-10-28 05:27:25,483 INFO org.apache.hadoop.mapreduce.lib.output.FileOutputCommitter: File Output Committer Algorithm version is 1
2018-10-28 05:27:25,484 INFO org.apache.hadoop.mapreduce.lib.output.FileOutputCommitter: FileOutputCommitter skip cleanup _temporary folders under output directory:false, ignore cleanup failures: false
2018-10-28 05:27:25,505 INFO org.apache.hadoop.mapred.Task:  Using ResourceCalculatorProcessTree : [ ]
2018-10-28 05:27:25,512 INFO org.apache.hadoop.mapred.MapTask: Processing split: file:/home/cloudera/workspace/word_co_writable/test:0+25
2018-10-28 05:27:25,680 INFO org.apache.hadoop.mapred.MapTask: (EQUATOR) 0 kvi 26214396(104857584)
2018-10-28 05:27:25,680 INFO org.apache.hadoop.mapred.MapTask: mapreduce.task.io.sort.mb: 100
2018-10-28 05:27:25,680 INFO org.apache.hadoop.mapred.MapTask: soft limit at 83886080
2018-10-28 05:27:25,680 INFO org.apache.hadoop.mapred.MapTask: bufstart = 0; bufvoid = 104857600
2018-10-28 05:27:25,680 INFO org.apache.hadoop.mapred.MapTask: kvstart = 26214396; length = 6553600
2018-10-28 05:27:25,683 INFO org.apache.hadoop.mapred.MapTask: Map output collector class = org.apache.hadoop.mapred.MapTask$MapOutputBuffer
2018-10-28 05:27:25,689 INFO org.apache.hadoop.mapred.MapTask: Starting flush of map output
2018-10-28 05:27:25,695 INFO org.apache.hadoop.mapred.LocalJobRunner: map task executor complete.
2018-10-28 05:27:25,696 WARN org.apache.hadoop.mapred.LocalJobRunner: job_local1268382133_0001
java.lang.Exception: java.io.IOException: Type mismatch in key from map: expected org.apache.hadoop.io.LongWritable, received org.apache.hadoop.io.Text
	at org.apache.hadoop.mapred.LocalJobRunner$Job.runTasks(LocalJobRunner.java:489)
	at org.apache.hadoop.mapred.LocalJobRunner$Job.run(LocalJobRunner.java:549)
Caused by: java.io.IOException: Type mismatch in key from map: expected org.apache.hadoop.io.LongWritable, received org.apache.hadoop.io.Text
	at org.apache.hadoop.mapred.MapTask$MapOutputBuffer.collect(MapTask.java:1079)
	at org.apache.hadoop.mapred.MapTask$NewOutputCollector.write(MapTask.java:721)
	at org.apache.hadoop.mapreduce.task.TaskInputOutputContextImpl.write(TaskInputOutputContextImpl.java:89)
	at org.apache.hadoop.mapreduce.lib.map.WrappedMapper$Context.write(WrappedMapper.java:112)
	at stubs.WordCoMapper.map(WordCoMapper.java:24)
	at stubs.WordCoMapper.map(WordCoMapper.java:1)
	at org.apache.hadoop.mapreduce.Mapper.run(Mapper.java:145)
	at org.apache.hadoop.mapred.MapTask.runNewMapper(MapTask.java:793)
	at org.apache.hadoop.mapred.MapTask.run(MapTask.java:341)
	at org.apache.hadoop.mapred.LocalJobRunner$Job$MapTaskRunnable.run(LocalJobRunner.java:270)
	at java.util.concurrent.Executors$RunnableAdapter.call(Executors.java:471)
	at java.util.concurrent.FutureTask.run(FutureTask.java:262)
	at java.util.concurrent.ThreadPoolExecutor.runWorker(ThreadPoolExecutor.java:1145)
	at java.util.concurrent.ThreadPoolExecutor$Worker.run(ThreadPoolExecutor.java:615)
	at java.lang.Thread.run(Thread.java:745)
2018-10-28 05:27:26,322 INFO org.apache.hadoop.mapreduce.Job: Job job_local1268382133_0001 running in uber mode : false
2018-10-28 05:27:26,323 INFO org.apache.hadoop.mapreduce.Job:  map 0% reduce 0%
2018-10-28 05:27:26,325 INFO org.apache.hadoop.mapreduce.Job: Job job_local1268382133_0001 failed with state FAILED due to: NA
2018-10-28 05:27:26,334 INFO org.apache.hadoop.mapreduce.Job: Counters: 0
2018-10-28 05:28:34,213 WARN org.apache.hadoop.util.NativeCodeLoader: Unable to load native-hadoop library for your platform... using builtin-java classes where applicable
2018-10-28 05:28:34,999 INFO org.apache.hadoop.conf.Configuration.deprecation: session.id is deprecated. Instead, use dfs.metrics.session-id
2018-10-28 05:28:35,002 INFO org.apache.hadoop.metrics.jvm.JvmMetrics: Initializing JVM Metrics with processName=JobTracker, sessionId=
2018-10-28 05:28:35,544 WARN org.apache.hadoop.mapreduce.JobResourceUploader: No job jar file set.  User classes may not be found. See Job or Job#setJar(String).
2018-10-28 05:28:35,557 INFO org.apache.hadoop.mapreduce.lib.input.FileInputFormat: Total input paths to process : 1
2018-10-28 05:28:35,616 INFO org.apache.hadoop.mapreduce.JobSubmitter: number of splits:1
2018-10-28 05:28:35,912 INFO org.apache.hadoop.mapreduce.JobSubmitter: Submitting tokens for job: job_local1289820376_0001
2018-10-28 05:28:36,481 INFO org.apache.hadoop.mapreduce.Job: The url to track the job: http://localhost:8080/
2018-10-28 05:28:36,482 INFO org.apache.hadoop.mapreduce.Job: Running job: job_local1289820376_0001
2018-10-28 05:28:36,488 INFO org.apache.hadoop.mapred.LocalJobRunner: OutputCommitter set in config null
2018-10-28 05:28:36,498 INFO org.apache.hadoop.mapreduce.lib.output.FileOutputCommitter: File Output Committer Algorithm version is 1
2018-10-28 05:28:36,501 INFO org.apache.hadoop.mapreduce.lib.output.FileOutputCommitter: FileOutputCommitter skip cleanup _temporary folders under output directory:false, ignore cleanup failures: false
2018-10-28 05:28:36,510 INFO org.apache.hadoop.mapred.LocalJobRunner: OutputCommitter is org.apache.hadoop.mapreduce.lib.output.FileOutputCommitter
2018-10-28 05:28:36,638 INFO org.apache.hadoop.mapred.LocalJobRunner: Waiting for map tasks
2018-10-28 05:28:36,639 INFO org.apache.hadoop.mapred.LocalJobRunner: Starting task: attempt_local1289820376_0001_m_000000_0
2018-10-28 05:28:36,691 INFO org.apache.hadoop.mapreduce.lib.output.FileOutputCommitter: File Output Committer Algorithm version is 1
2018-10-28 05:28:36,692 INFO org.apache.hadoop.mapreduce.lib.output.FileOutputCommitter: FileOutputCommitter skip cleanup _temporary folders under output directory:false, ignore cleanup failures: false
2018-10-28 05:28:36,700 INFO org.apache.hadoop.mapred.Task:  Using ResourceCalculatorProcessTree : [ ]
2018-10-28 05:28:36,705 INFO org.apache.hadoop.mapred.MapTask: Processing split: file:/home/cloudera/workspace/word_co_writable/test:0+25
2018-10-28 05:28:36,822 INFO org.apache.hadoop.mapred.MapTask: (EQUATOR) 0 kvi 26214396(104857584)
2018-10-28 05:28:36,823 INFO org.apache.hadoop.mapred.MapTask: mapreduce.task.io.sort.mb: 100
2018-10-28 05:28:36,824 INFO org.apache.hadoop.mapred.MapTask: soft limit at 83886080
2018-10-28 05:28:36,824 INFO org.apache.hadoop.mapred.MapTask: bufstart = 0; bufvoid = 104857600
2018-10-28 05:28:36,824 INFO org.apache.hadoop.mapred.MapTask: kvstart = 26214396; length = 6553600
2018-10-28 05:28:36,830 INFO org.apache.hadoop.mapred.MapTask: Map output collector class = org.apache.hadoop.mapred.MapTask$MapOutputBuffer
2018-10-28 05:28:36,834 INFO org.apache.hadoop.mapred.MapTask: Starting flush of map output
2018-10-28 05:28:36,842 INFO org.apache.hadoop.mapred.LocalJobRunner: map task executor complete.
2018-10-28 05:28:36,844 WARN org.apache.hadoop.mapred.LocalJobRunner: job_local1289820376_0001
java.lang.Exception: java.lang.ClassCastException: org.apache.hadoop.io.LongWritable cannot be cast to org.apache.hadoop.io.Text
	at org.apache.hadoop.mapred.LocalJobRunner$Job.runTasks(LocalJobRunner.java:489)
	at org.apache.hadoop.mapred.LocalJobRunner$Job.run(LocalJobRunner.java:549)
Caused by: java.lang.ClassCastException: org.apache.hadoop.io.LongWritable cannot be cast to org.apache.hadoop.io.Text
	at stubs.WordCoMapper.map(WordCoMapper.java:1)
	at org.apache.hadoop.mapreduce.Mapper.run(Mapper.java:145)
	at org.apache.hadoop.mapred.MapTask.runNewMapper(MapTask.java:793)
	at org.apache.hadoop.mapred.MapTask.run(MapTask.java:341)
	at org.apache.hadoop.mapred.LocalJobRunner$Job$MapTaskRunnable.run(LocalJobRunner.java:270)
	at java.util.concurrent.Executors$RunnableAdapter.call(Executors.java:471)
	at java.util.concurrent.FutureTask.run(FutureTask.java:262)
	at java.util.concurrent.ThreadPoolExecutor.runWorker(ThreadPoolExecutor.java:1145)
	at java.util.concurrent.ThreadPoolExecutor$Worker.run(ThreadPoolExecutor.java:615)
	at java.lang.Thread.run(Thread.java:745)
2018-10-28 05:28:37,494 INFO org.apache.hadoop.mapreduce.Job: Job job_local1289820376_0001 running in uber mode : false
2018-10-28 05:28:37,495 INFO org.apache.hadoop.mapreduce.Job:  map 0% reduce 0%
2018-10-28 05:28:37,497 INFO org.apache.hadoop.mapreduce.Job: Job job_local1289820376_0001 failed with state FAILED due to: NA
2018-10-28 05:28:37,505 INFO org.apache.hadoop.mapreduce.Job: Counters: 0
2018-10-28 05:29:41,406 WARN org.apache.hadoop.util.NativeCodeLoader: Unable to load native-hadoop library for your platform... using builtin-java classes where applicable
2018-10-28 05:29:42,224 INFO org.apache.hadoop.conf.Configuration.deprecation: session.id is deprecated. Instead, use dfs.metrics.session-id
2018-10-28 05:29:42,229 INFO org.apache.hadoop.metrics.jvm.JvmMetrics: Initializing JVM Metrics with processName=JobTracker, sessionId=
2018-10-28 05:29:42,780 WARN org.apache.hadoop.mapreduce.JobResourceUploader: No job jar file set.  User classes may not be found. See Job or Job#setJar(String).
2018-10-28 05:29:42,789 INFO org.apache.hadoop.mapreduce.lib.input.FileInputFormat: Total input paths to process : 1
2018-10-28 05:29:42,833 INFO org.apache.hadoop.mapreduce.JobSubmitter: number of splits:1
2018-10-28 05:29:43,107 INFO org.apache.hadoop.mapreduce.JobSubmitter: Submitting tokens for job: job_local130322493_0001
2018-10-28 05:29:43,579 INFO org.apache.hadoop.mapreduce.Job: The url to track the job: http://localhost:8080/
2018-10-28 05:29:43,582 INFO org.apache.hadoop.mapreduce.Job: Running job: job_local130322493_0001
2018-10-28 05:29:43,582 INFO org.apache.hadoop.mapred.LocalJobRunner: OutputCommitter set in config null
2018-10-28 05:29:43,596 INFO org.apache.hadoop.mapreduce.lib.output.FileOutputCommitter: File Output Committer Algorithm version is 1
2018-10-28 05:29:43,600 INFO org.apache.hadoop.mapreduce.lib.output.FileOutputCommitter: FileOutputCommitter skip cleanup _temporary folders under output directory:false, ignore cleanup failures: false
2018-10-28 05:29:43,600 INFO org.apache.hadoop.mapred.LocalJobRunner: OutputCommitter is org.apache.hadoop.mapreduce.lib.output.FileOutputCommitter
2018-10-28 05:29:43,722 INFO org.apache.hadoop.mapred.LocalJobRunner: Waiting for map tasks
2018-10-28 05:29:43,724 INFO org.apache.hadoop.mapred.LocalJobRunner: Starting task: attempt_local130322493_0001_m_000000_0
2018-10-28 05:29:43,796 INFO org.apache.hadoop.mapreduce.lib.output.FileOutputCommitter: File Output Committer Algorithm version is 1
2018-10-28 05:29:43,797 INFO org.apache.hadoop.mapreduce.lib.output.FileOutputCommitter: FileOutputCommitter skip cleanup _temporary folders under output directory:false, ignore cleanup failures: false
2018-10-28 05:29:43,838 INFO org.apache.hadoop.mapred.Task:  Using ResourceCalculatorProcessTree : [ ]
2018-10-28 05:29:43,843 INFO org.apache.hadoop.mapred.MapTask: Processing split: file:/home/cloudera/workspace/word_co_writable/test:0+25
2018-10-28 05:29:43,932 INFO org.apache.hadoop.mapred.MapTask: (EQUATOR) 0 kvi 26214396(104857584)
2018-10-28 05:29:43,932 INFO org.apache.hadoop.mapred.MapTask: mapreduce.task.io.sort.mb: 100
2018-10-28 05:29:43,932 INFO org.apache.hadoop.mapred.MapTask: soft limit at 83886080
2018-10-28 05:29:43,932 INFO org.apache.hadoop.mapred.MapTask: bufstart = 0; bufvoid = 104857600
2018-10-28 05:29:43,932 INFO org.apache.hadoop.mapred.MapTask: kvstart = 26214396; length = 6553600
2018-10-28 05:29:43,936 INFO org.apache.hadoop.mapred.MapTask: Map output collector class = org.apache.hadoop.mapred.MapTask$MapOutputBuffer
2018-10-28 05:29:43,947 INFO org.apache.hadoop.mapred.MapTask: Starting flush of map output
2018-10-28 05:29:43,954 INFO org.apache.hadoop.mapred.LocalJobRunner: map task executor complete.
2018-10-28 05:29:43,955 WARN org.apache.hadoop.mapred.LocalJobRunner: job_local130322493_0001
java.lang.Exception: java.io.IOException: Type mismatch in key from map: expected org.apache.hadoop.io.LongWritable, received org.apache.hadoop.io.Text
	at org.apache.hadoop.mapred.LocalJobRunner$Job.runTasks(LocalJobRunner.java:489)
	at org.apache.hadoop.mapred.LocalJobRunner$Job.run(LocalJobRunner.java:549)
Caused by: java.io.IOException: Type mismatch in key from map: expected org.apache.hadoop.io.LongWritable, received org.apache.hadoop.io.Text
	at org.apache.hadoop.mapred.MapTask$MapOutputBuffer.collect(MapTask.java:1079)
	at org.apache.hadoop.mapred.MapTask$NewOutputCollector.write(MapTask.java:721)
	at org.apache.hadoop.mapreduce.task.TaskInputOutputContextImpl.write(TaskInputOutputContextImpl.java:89)
	at org.apache.hadoop.mapreduce.lib.map.WrappedMapper$Context.write(WrappedMapper.java:112)
	at stubs.WordCoMapper.map(WordCoMapper.java:24)
	at stubs.WordCoMapper.map(WordCoMapper.java:1)
	at org.apache.hadoop.mapreduce.Mapper.run(Mapper.java:145)
	at org.apache.hadoop.mapred.MapTask.runNewMapper(MapTask.java:793)
	at org.apache.hadoop.mapred.MapTask.run(MapTask.java:341)
	at org.apache.hadoop.mapred.LocalJobRunner$Job$MapTaskRunnable.run(LocalJobRunner.java:270)
	at java.util.concurrent.Executors$RunnableAdapter.call(Executors.java:471)
	at java.util.concurrent.FutureTask.run(FutureTask.java:262)
	at java.util.concurrent.ThreadPoolExecutor.runWorker(ThreadPoolExecutor.java:1145)
	at java.util.concurrent.ThreadPoolExecutor$Worker.run(ThreadPoolExecutor.java:615)
	at java.lang.Thread.run(Thread.java:745)
2018-10-28 05:29:44,591 INFO org.apache.hadoop.mapreduce.Job: Job job_local130322493_0001 running in uber mode : false
2018-10-28 05:29:44,592 INFO org.apache.hadoop.mapreduce.Job:  map 0% reduce 0%
2018-10-28 05:29:44,595 INFO org.apache.hadoop.mapreduce.Job: Job job_local130322493_0001 failed with state FAILED due to: NA
2018-10-28 05:29:44,603 INFO org.apache.hadoop.mapreduce.Job: Counters: 0
2018-10-28 05:31:16,578 WARN org.apache.hadoop.util.NativeCodeLoader: Unable to load native-hadoop library for your platform... using builtin-java classes where applicable
2018-10-28 05:31:17,267 INFO org.apache.hadoop.conf.Configuration.deprecation: session.id is deprecated. Instead, use dfs.metrics.session-id
2018-10-28 05:31:17,268 INFO org.apache.hadoop.metrics.jvm.JvmMetrics: Initializing JVM Metrics with processName=JobTracker, sessionId=
2018-10-28 05:31:17,736 WARN org.apache.hadoop.mapreduce.JobResourceUploader: No job jar file set.  User classes may not be found. See Job or Job#setJar(String).
2018-10-28 05:31:17,745 INFO org.apache.hadoop.mapreduce.lib.input.FileInputFormat: Total input paths to process : 1
2018-10-28 05:31:17,792 INFO org.apache.hadoop.mapreduce.JobSubmitter: number of splits:1
2018-10-28 05:31:18,049 INFO org.apache.hadoop.mapreduce.JobSubmitter: Submitting tokens for job: job_local1266637157_0001
2018-10-28 05:31:18,458 INFO org.apache.hadoop.mapreduce.Job: The url to track the job: http://localhost:8080/
2018-10-28 05:31:18,459 INFO org.apache.hadoop.mapreduce.Job: Running job: job_local1266637157_0001
2018-10-28 05:31:18,461 INFO org.apache.hadoop.mapred.LocalJobRunner: OutputCommitter set in config null
2018-10-28 05:31:18,473 INFO org.apache.hadoop.mapreduce.lib.output.FileOutputCommitter: File Output Committer Algorithm version is 1
2018-10-28 05:31:18,476 INFO org.apache.hadoop.mapreduce.lib.output.FileOutputCommitter: FileOutputCommitter skip cleanup _temporary folders under output directory:false, ignore cleanup failures: false
2018-10-28 05:31:18,482 INFO org.apache.hadoop.mapred.LocalJobRunner: OutputCommitter is org.apache.hadoop.mapreduce.lib.output.FileOutputCommitter
2018-10-28 05:31:18,574 INFO org.apache.hadoop.mapred.LocalJobRunner: Waiting for map tasks
2018-10-28 05:31:18,577 INFO org.apache.hadoop.mapred.LocalJobRunner: Starting task: attempt_local1266637157_0001_m_000000_0
2018-10-28 05:31:18,628 INFO org.apache.hadoop.mapreduce.lib.output.FileOutputCommitter: File Output Committer Algorithm version is 1
2018-10-28 05:31:18,628 INFO org.apache.hadoop.mapreduce.lib.output.FileOutputCommitter: FileOutputCommitter skip cleanup _temporary folders under output directory:false, ignore cleanup failures: false
2018-10-28 05:31:18,646 INFO org.apache.hadoop.mapred.Task:  Using ResourceCalculatorProcessTree : [ ]
2018-10-28 05:31:18,652 INFO org.apache.hadoop.mapred.MapTask: Processing split: file:/home/cloudera/workspace/word_co_writable/test:0+25
2018-10-28 05:31:18,775 INFO org.apache.hadoop.mapred.MapTask: (EQUATOR) 0 kvi 26214396(104857584)
2018-10-28 05:31:18,776 INFO org.apache.hadoop.mapred.MapTask: mapreduce.task.io.sort.mb: 100
2018-10-28 05:31:18,776 INFO org.apache.hadoop.mapred.MapTask: soft limit at 83886080
2018-10-28 05:31:18,776 INFO org.apache.hadoop.mapred.MapTask: bufstart = 0; bufvoid = 104857600
2018-10-28 05:31:18,776 INFO org.apache.hadoop.mapred.MapTask: kvstart = 26214396; length = 6553600
2018-10-28 05:31:18,779 INFO org.apache.hadoop.mapred.MapTask: Map output collector class = org.apache.hadoop.mapred.MapTask$MapOutputBuffer
2018-10-28 05:31:18,783 INFO org.apache.hadoop.mapred.MapTask: Starting flush of map output
2018-10-28 05:31:18,789 INFO org.apache.hadoop.mapred.LocalJobRunner: map task executor complete.
2018-10-28 05:31:18,790 WARN org.apache.hadoop.mapred.LocalJobRunner: job_local1266637157_0001
java.lang.Exception: java.io.IOException: Type mismatch in key from map: expected org.apache.hadoop.io.LongWritable, received org.apache.hadoop.io.Text
	at org.apache.hadoop.mapred.LocalJobRunner$Job.runTasks(LocalJobRunner.java:489)
	at org.apache.hadoop.mapred.LocalJobRunner$Job.run(LocalJobRunner.java:549)
Caused by: java.io.IOException: Type mismatch in key from map: expected org.apache.hadoop.io.LongWritable, received org.apache.hadoop.io.Text
	at org.apache.hadoop.mapred.MapTask$MapOutputBuffer.collect(MapTask.java:1079)
	at org.apache.hadoop.mapred.MapTask$NewOutputCollector.write(MapTask.java:721)
	at org.apache.hadoop.mapreduce.task.TaskInputOutputContextImpl.write(TaskInputOutputContextImpl.java:89)
	at org.apache.hadoop.mapreduce.lib.map.WrappedMapper$Context.write(WrappedMapper.java:112)
	at stubs.WordCoMapper.map(WordCoMapper.java:24)
	at stubs.WordCoMapper.map(WordCoMapper.java:1)
	at org.apache.hadoop.mapreduce.Mapper.run(Mapper.java:145)
	at org.apache.hadoop.mapred.MapTask.runNewMapper(MapTask.java:793)
	at org.apache.hadoop.mapred.MapTask.run(MapTask.java:341)
	at org.apache.hadoop.mapred.LocalJobRunner$Job$MapTaskRunnable.run(LocalJobRunner.java:270)
	at java.util.concurrent.Executors$RunnableAdapter.call(Executors.java:471)
	at java.util.concurrent.FutureTask.run(FutureTask.java:262)
	at java.util.concurrent.ThreadPoolExecutor.runWorker(ThreadPoolExecutor.java:1145)
	at java.util.concurrent.ThreadPoolExecutor$Worker.run(ThreadPoolExecutor.java:615)
	at java.lang.Thread.run(Thread.java:745)
2018-10-28 05:31:19,470 INFO org.apache.hadoop.mapreduce.Job: Job job_local1266637157_0001 running in uber mode : false
2018-10-28 05:31:19,471 INFO org.apache.hadoop.mapreduce.Job:  map 0% reduce 0%
2018-10-28 05:31:19,472 INFO org.apache.hadoop.mapreduce.Job: Job job_local1266637157_0001 failed with state FAILED due to: NA
2018-10-28 05:31:19,480 INFO org.apache.hadoop.mapreduce.Job: Counters: 0
2018-10-28 05:37:14,497 WARN org.apache.hadoop.util.NativeCodeLoader: Unable to load native-hadoop library for your platform... using builtin-java classes where applicable
2018-10-28 05:37:15,218 INFO org.apache.hadoop.conf.Configuration.deprecation: session.id is deprecated. Instead, use dfs.metrics.session-id
2018-10-28 05:37:15,223 INFO org.apache.hadoop.metrics.jvm.JvmMetrics: Initializing JVM Metrics with processName=JobTracker, sessionId=
2018-10-28 05:37:15,670 WARN org.apache.hadoop.mapreduce.JobResourceUploader: No job jar file set.  User classes may not be found. See Job or Job#setJar(String).
2018-10-28 05:37:15,678 INFO org.apache.hadoop.mapreduce.lib.input.FileInputFormat: Total input paths to process : 1
2018-10-28 05:37:15,712 INFO org.apache.hadoop.mapreduce.JobSubmitter: number of splits:1
2018-10-28 05:37:15,979 INFO org.apache.hadoop.mapreduce.JobSubmitter: Submitting tokens for job: job_local1524582458_0001
2018-10-28 05:37:16,455 INFO org.apache.hadoop.mapreduce.Job: The url to track the job: http://localhost:8080/
2018-10-28 05:37:16,456 INFO org.apache.hadoop.mapreduce.Job: Running job: job_local1524582458_0001
2018-10-28 05:37:16,458 INFO org.apache.hadoop.mapred.LocalJobRunner: OutputCommitter set in config null
2018-10-28 05:37:16,471 INFO org.apache.hadoop.mapreduce.lib.output.FileOutputCommitter: File Output Committer Algorithm version is 1
2018-10-28 05:37:16,472 INFO org.apache.hadoop.mapreduce.lib.output.FileOutputCommitter: FileOutputCommitter skip cleanup _temporary folders under output directory:false, ignore cleanup failures: false
2018-10-28 05:37:16,479 INFO org.apache.hadoop.mapred.LocalJobRunner: OutputCommitter is org.apache.hadoop.mapreduce.lib.output.FileOutputCommitter
2018-10-28 05:37:16,568 INFO org.apache.hadoop.mapred.LocalJobRunner: Waiting for map tasks
2018-10-28 05:37:16,569 INFO org.apache.hadoop.mapred.LocalJobRunner: Starting task: attempt_local1524582458_0001_m_000000_0
2018-10-28 05:37:16,617 INFO org.apache.hadoop.mapreduce.lib.output.FileOutputCommitter: File Output Committer Algorithm version is 1
2018-10-28 05:37:16,618 INFO org.apache.hadoop.mapreduce.lib.output.FileOutputCommitter: FileOutputCommitter skip cleanup _temporary folders under output directory:false, ignore cleanup failures: false
2018-10-28 05:37:16,642 INFO org.apache.hadoop.mapred.Task:  Using ResourceCalculatorProcessTree : [ ]
2018-10-28 05:37:16,648 INFO org.apache.hadoop.mapred.MapTask: Processing split: file:/home/cloudera/workspace/word_co_writable/test:0+25
2018-10-28 05:37:16,759 INFO org.apache.hadoop.mapred.MapTask: (EQUATOR) 0 kvi 26214396(104857584)
2018-10-28 05:37:16,760 INFO org.apache.hadoop.mapred.MapTask: mapreduce.task.io.sort.mb: 100
2018-10-28 05:37:16,760 INFO org.apache.hadoop.mapred.MapTask: soft limit at 83886080
2018-10-28 05:37:16,760 INFO org.apache.hadoop.mapred.MapTask: bufstart = 0; bufvoid = 104857600
2018-10-28 05:37:16,760 INFO org.apache.hadoop.mapred.MapTask: kvstart = 26214396; length = 6553600
2018-10-28 05:37:16,765 INFO org.apache.hadoop.mapred.MapTask: Map output collector class = org.apache.hadoop.mapred.MapTask$MapOutputBuffer
2018-10-28 05:37:16,771 INFO org.apache.hadoop.mapred.LocalJobRunner: 
2018-10-28 05:37:16,771 INFO org.apache.hadoop.mapred.MapTask: Starting flush of map output
2018-10-28 05:37:16,771 INFO org.apache.hadoop.mapred.MapTask: Spilling map output
2018-10-28 05:37:16,771 INFO org.apache.hadoop.mapred.MapTask: bufstart = 0; bufend = 66; bufvoid = 104857600
2018-10-28 05:37:16,771 INFO org.apache.hadoop.mapred.MapTask: kvstart = 26214396(104857584); kvend = 26214376(104857504); length = 21/6553600
2018-10-28 05:37:16,778 INFO org.apache.hadoop.mapred.MapTask: Finished spill 0
2018-10-28 05:37:16,780 INFO org.apache.hadoop.mapred.Task: Task:attempt_local1524582458_0001_m_000000_0 is done. And is in the process of committing
2018-10-28 05:37:16,792 INFO org.apache.hadoop.mapred.LocalJobRunner: map
2018-10-28 05:37:16,793 INFO org.apache.hadoop.mapred.Task: Task 'attempt_local1524582458_0001_m_000000_0' done.
2018-10-28 05:37:16,793 INFO org.apache.hadoop.mapred.LocalJobRunner: Finishing task: attempt_local1524582458_0001_m_000000_0
2018-10-28 05:37:16,793 INFO org.apache.hadoop.mapred.LocalJobRunner: map task executor complete.
2018-10-28 05:37:16,796 INFO org.apache.hadoop.mapred.LocalJobRunner: Waiting for reduce tasks
2018-10-28 05:37:16,796 INFO org.apache.hadoop.mapred.LocalJobRunner: Starting task: attempt_local1524582458_0001_r_000000_0
2018-10-28 05:37:16,801 INFO org.apache.hadoop.mapreduce.lib.output.FileOutputCommitter: File Output Committer Algorithm version is 1
2018-10-28 05:37:16,801 INFO org.apache.hadoop.mapreduce.lib.output.FileOutputCommitter: FileOutputCommitter skip cleanup _temporary folders under output directory:false, ignore cleanup failures: false
2018-10-28 05:37:16,801 INFO org.apache.hadoop.mapred.Task:  Using ResourceCalculatorProcessTree : [ ]
2018-10-28 05:37:16,803 INFO org.apache.hadoop.mapred.ReduceTask: Using ShuffleConsumerPlugin: org.apache.hadoop.mapreduce.task.reduce.Shuffle@121df480
2018-10-28 05:37:16,816 INFO org.apache.hadoop.mapreduce.task.reduce.MergeManagerImpl: MergerManager: memoryLimit=681154944, maxSingleShuffleLimit=170288736, mergeThreshold=449562272, ioSortFactor=10, memToMemMergeOutputsThreshold=10
2018-10-28 05:37:16,821 INFO org.apache.hadoop.mapreduce.task.reduce.EventFetcher: attempt_local1524582458_0001_r_000000_0 Thread started: EventFetcher for fetching Map Completion Events
2018-10-28 05:37:16,848 INFO org.apache.hadoop.mapreduce.task.reduce.LocalFetcher: localfetcher#1 about to shuffle output of map attempt_local1524582458_0001_m_000000_0 decomp: 80 len: 84 to MEMORY
2018-10-28 05:37:16,853 INFO org.apache.hadoop.mapreduce.task.reduce.InMemoryMapOutput: Read 80 bytes from map-output for attempt_local1524582458_0001_m_000000_0
2018-10-28 05:37:16,854 INFO org.apache.hadoop.mapreduce.task.reduce.MergeManagerImpl: closeInMemoryFile -> map-output of size: 80, inMemoryMapOutputs.size() -> 1, commitMemory -> 0, usedMemory ->80
2018-10-28 05:37:16,855 INFO org.apache.hadoop.mapreduce.task.reduce.EventFetcher: EventFetcher is interrupted.. Returning
2018-10-28 05:37:16,855 INFO org.apache.hadoop.mapred.LocalJobRunner: 1 / 1 copied.
2018-10-28 05:37:16,856 INFO org.apache.hadoop.mapreduce.task.reduce.MergeManagerImpl: finalMerge called with 1 in-memory map-outputs and 0 on-disk map-outputs
2018-10-28 05:37:16,862 INFO org.apache.hadoop.mapred.Merger: Merging 1 sorted segments
2018-10-28 05:37:16,868 INFO org.apache.hadoop.mapred.Merger: Down to the last merge-pass, with 1 segments left of total size: 71 bytes
2018-10-28 05:37:16,869 INFO org.apache.hadoop.mapreduce.task.reduce.MergeManagerImpl: Merged 1 segments, 80 bytes to disk to satisfy reduce memory limit
2018-10-28 05:37:16,871 INFO org.apache.hadoop.mapreduce.task.reduce.MergeManagerImpl: Merging 1 files, 84 bytes from disk
2018-10-28 05:37:16,872 INFO org.apache.hadoop.mapreduce.task.reduce.MergeManagerImpl: Merging 0 segments, 0 bytes from memory into reduce
2018-10-28 05:37:16,872 INFO org.apache.hadoop.mapred.Merger: Merging 1 sorted segments
2018-10-28 05:37:16,872 INFO org.apache.hadoop.mapred.Merger: Down to the last merge-pass, with 1 segments left of total size: 71 bytes
2018-10-28 05:37:16,873 INFO org.apache.hadoop.mapred.LocalJobRunner: 1 / 1 copied.
2018-10-28 05:37:16,878 INFO org.apache.hadoop.conf.Configuration.deprecation: mapred.skip.on is deprecated. Instead, use mapreduce.job.skiprecords
2018-10-28 05:37:16,884 INFO org.apache.hadoop.mapred.Task: Task:attempt_local1524582458_0001_r_000000_0 is done. And is in the process of committing
2018-10-28 05:37:16,890 INFO org.apache.hadoop.mapred.LocalJobRunner: 1 / 1 copied.
2018-10-28 05:37:16,890 INFO org.apache.hadoop.mapred.Task: Task attempt_local1524582458_0001_r_000000_0 is allowed to commit now
2018-10-28 05:37:16,891 INFO org.apache.hadoop.mapreduce.lib.output.FileOutputCommitter: Saved output of task 'attempt_local1524582458_0001_r_000000_0' to file:/home/cloudera/workspace/word_co_writable/output/_temporary/0/task_local1524582458_0001_r_000000
2018-10-28 05:37:16,892 INFO org.apache.hadoop.mapred.LocalJobRunner: reduce > reduce
2018-10-28 05:37:16,894 INFO org.apache.hadoop.mapred.Task: Task 'attempt_local1524582458_0001_r_000000_0' done.
2018-10-28 05:37:16,895 INFO org.apache.hadoop.mapred.LocalJobRunner: Finishing task: attempt_local1524582458_0001_r_000000_0
2018-10-28 05:37:16,895 INFO org.apache.hadoop.mapred.LocalJobRunner: reduce task executor complete.
2018-10-28 05:37:17,463 INFO org.apache.hadoop.mapreduce.Job: Job job_local1524582458_0001 running in uber mode : false
2018-10-28 05:37:17,464 INFO org.apache.hadoop.mapreduce.Job:  map 100% reduce 100%
2018-10-28 05:37:17,465 INFO org.apache.hadoop.mapreduce.Job: Job job_local1524582458_0001 completed successfully
2018-10-28 05:37:17,485 INFO org.apache.hadoop.mapreduce.Job: Counters: 30
	File System Counters
		FILE: Number of bytes read=590
		FILE: Number of bytes written=667226
		FILE: Number of read operations=0
		FILE: Number of large read operations=0
		FILE: Number of write operations=0
	Map-Reduce Framework
		Map input records=1
		Map output records=6
		Map output bytes=66
		Map output materialized bytes=84
		Input split bytes=116
		Combine input records=0
		Combine output records=0
		Reduce input groups=6
		Reduce shuffle bytes=84
		Reduce input records=6
		Reduce output records=6
		Spilled Records=12
		Shuffled Maps =1
		Failed Shuffles=0
		Merged Map outputs=1
		GC time elapsed (ms)=31
		Total committed heap usage (bytes)=331489280
	Shuffle Errors
		BAD_ID=0
		CONNECTION=0
		IO_ERROR=0
		WRONG_LENGTH=0
		WRONG_MAP=0
		WRONG_REDUCE=0
	File Input Format Counters 
		Bytes Read=25
	File Output Format Counters 
		Bytes Written=66
2018-10-28 05:38:43,348 WARN org.apache.hadoop.util.NativeCodeLoader: Unable to load native-hadoop library for your platform... using builtin-java classes where applicable
2018-10-28 05:38:44,102 INFO org.apache.hadoop.conf.Configuration.deprecation: session.id is deprecated. Instead, use dfs.metrics.session-id
2018-10-28 05:38:44,112 INFO org.apache.hadoop.metrics.jvm.JvmMetrics: Initializing JVM Metrics with processName=JobTracker, sessionId=
2018-10-28 05:38:44,582 WARN org.apache.hadoop.mapreduce.JobResourceUploader: No job jar file set.  User classes may not be found. See Job or Job#setJar(String).
2018-10-28 05:38:44,595 INFO org.apache.hadoop.mapreduce.lib.input.FileInputFormat: Total input paths to process : 1
2018-10-28 05:38:44,632 INFO org.apache.hadoop.mapreduce.JobSubmitter: number of splits:1
2018-10-28 05:38:44,902 INFO org.apache.hadoop.mapreduce.JobSubmitter: Submitting tokens for job: job_local1714934153_0001
2018-10-28 05:38:45,334 INFO org.apache.hadoop.mapreduce.Job: The url to track the job: http://localhost:8080/
2018-10-28 05:38:45,335 INFO org.apache.hadoop.mapreduce.Job: Running job: job_local1714934153_0001
2018-10-28 05:38:45,338 INFO org.apache.hadoop.mapred.LocalJobRunner: OutputCommitter set in config null
2018-10-28 05:38:45,350 INFO org.apache.hadoop.mapreduce.lib.output.FileOutputCommitter: File Output Committer Algorithm version is 1
2018-10-28 05:38:45,356 INFO org.apache.hadoop.mapreduce.lib.output.FileOutputCommitter: FileOutputCommitter skip cleanup _temporary folders under output directory:false, ignore cleanup failures: false
2018-10-28 05:38:45,361 INFO org.apache.hadoop.mapred.LocalJobRunner: OutputCommitter is org.apache.hadoop.mapreduce.lib.output.FileOutputCommitter
2018-10-28 05:38:45,464 INFO org.apache.hadoop.mapred.LocalJobRunner: Waiting for map tasks
2018-10-28 05:38:45,464 INFO org.apache.hadoop.mapred.LocalJobRunner: Starting task: attempt_local1714934153_0001_m_000000_0
2018-10-28 05:38:45,525 INFO org.apache.hadoop.mapreduce.lib.output.FileOutputCommitter: File Output Committer Algorithm version is 1
2018-10-28 05:38:45,525 INFO org.apache.hadoop.mapreduce.lib.output.FileOutputCommitter: FileOutputCommitter skip cleanup _temporary folders under output directory:false, ignore cleanup failures: false
2018-10-28 05:38:45,556 INFO org.apache.hadoop.mapred.Task:  Using ResourceCalculatorProcessTree : [ ]
2018-10-28 05:38:45,560 INFO org.apache.hadoop.mapred.MapTask: Processing split: file:/home/cloudera/workspace/word_co_writable/test:0+25
2018-10-28 05:38:45,676 INFO org.apache.hadoop.mapred.MapTask: (EQUATOR) 0 kvi 26214396(104857584)
2018-10-28 05:38:45,677 INFO org.apache.hadoop.mapred.MapTask: mapreduce.task.io.sort.mb: 100
2018-10-28 05:38:45,677 INFO org.apache.hadoop.mapred.MapTask: soft limit at 83886080
2018-10-28 05:38:45,677 INFO org.apache.hadoop.mapred.MapTask: bufstart = 0; bufvoid = 104857600
2018-10-28 05:38:45,677 INFO org.apache.hadoop.mapred.MapTask: kvstart = 26214396; length = 6553600
2018-10-28 05:38:45,680 INFO org.apache.hadoop.mapred.MapTask: Map output collector class = org.apache.hadoop.mapred.MapTask$MapOutputBuffer
2018-10-28 05:38:45,687 INFO org.apache.hadoop.mapred.LocalJobRunner: 
2018-10-28 05:38:45,687 INFO org.apache.hadoop.mapred.MapTask: Starting flush of map output
2018-10-28 05:38:45,687 INFO org.apache.hadoop.mapred.MapTask: Spilling map output
2018-10-28 05:38:45,687 INFO org.apache.hadoop.mapred.MapTask: bufstart = 0; bufend = 66; bufvoid = 104857600
2018-10-28 05:38:45,687 INFO org.apache.hadoop.mapred.MapTask: kvstart = 26214396(104857584); kvend = 26214376(104857504); length = 21/6553600
2018-10-28 05:38:45,694 INFO org.apache.hadoop.mapred.MapTask: Finished spill 0
2018-10-28 05:38:45,700 INFO org.apache.hadoop.mapred.Task: Task:attempt_local1714934153_0001_m_000000_0 is done. And is in the process of committing
2018-10-28 05:38:45,709 INFO org.apache.hadoop.mapred.LocalJobRunner: map
2018-10-28 05:38:45,709 INFO org.apache.hadoop.mapred.Task: Task 'attempt_local1714934153_0001_m_000000_0' done.
2018-10-28 05:38:45,710 INFO org.apache.hadoop.mapred.LocalJobRunner: Finishing task: attempt_local1714934153_0001_m_000000_0
2018-10-28 05:38:45,710 INFO org.apache.hadoop.mapred.LocalJobRunner: map task executor complete.
2018-10-28 05:38:45,713 INFO org.apache.hadoop.mapred.LocalJobRunner: Waiting for reduce tasks
2018-10-28 05:38:45,713 INFO org.apache.hadoop.mapred.LocalJobRunner: Starting task: attempt_local1714934153_0001_r_000000_0
2018-10-28 05:38:45,718 INFO org.apache.hadoop.mapreduce.lib.output.FileOutputCommitter: File Output Committer Algorithm version is 1
2018-10-28 05:38:45,718 INFO org.apache.hadoop.mapreduce.lib.output.FileOutputCommitter: FileOutputCommitter skip cleanup _temporary folders under output directory:false, ignore cleanup failures: false
2018-10-28 05:38:45,718 INFO org.apache.hadoop.mapred.Task:  Using ResourceCalculatorProcessTree : [ ]
2018-10-28 05:38:45,721 INFO org.apache.hadoop.mapred.ReduceTask: Using ShuffleConsumerPlugin: org.apache.hadoop.mapreduce.task.reduce.Shuffle@121df480
2018-10-28 05:38:45,731 INFO org.apache.hadoop.mapreduce.task.reduce.MergeManagerImpl: MergerManager: memoryLimit=681154944, maxSingleShuffleLimit=170288736, mergeThreshold=449562272, ioSortFactor=10, memToMemMergeOutputsThreshold=10
2018-10-28 05:38:45,739 INFO org.apache.hadoop.mapreduce.task.reduce.EventFetcher: attempt_local1714934153_0001_r_000000_0 Thread started: EventFetcher for fetching Map Completion Events
2018-10-28 05:38:45,760 INFO org.apache.hadoop.mapreduce.task.reduce.LocalFetcher: localfetcher#1 about to shuffle output of map attempt_local1714934153_0001_m_000000_0 decomp: 80 len: 84 to MEMORY
2018-10-28 05:38:45,764 INFO org.apache.hadoop.mapreduce.task.reduce.InMemoryMapOutput: Read 80 bytes from map-output for attempt_local1714934153_0001_m_000000_0
2018-10-28 05:38:45,765 INFO org.apache.hadoop.mapreduce.task.reduce.MergeManagerImpl: closeInMemoryFile -> map-output of size: 80, inMemoryMapOutputs.size() -> 1, commitMemory -> 0, usedMemory ->80
2018-10-28 05:38:45,766 INFO org.apache.hadoop.mapreduce.task.reduce.EventFetcher: EventFetcher is interrupted.. Returning
2018-10-28 05:38:45,767 INFO org.apache.hadoop.mapred.LocalJobRunner: 1 / 1 copied.
2018-10-28 05:38:45,767 INFO org.apache.hadoop.mapreduce.task.reduce.MergeManagerImpl: finalMerge called with 1 in-memory map-outputs and 0 on-disk map-outputs
2018-10-28 05:38:45,772 INFO org.apache.hadoop.mapred.Merger: Merging 1 sorted segments
2018-10-28 05:38:45,772 INFO org.apache.hadoop.mapred.Merger: Down to the last merge-pass, with 1 segments left of total size: 72 bytes
2018-10-28 05:38:45,773 INFO org.apache.hadoop.mapreduce.task.reduce.MergeManagerImpl: Merged 1 segments, 80 bytes to disk to satisfy reduce memory limit
2018-10-28 05:38:45,773 INFO org.apache.hadoop.mapreduce.task.reduce.MergeManagerImpl: Merging 1 files, 84 bytes from disk
2018-10-28 05:38:45,774 INFO org.apache.hadoop.mapreduce.task.reduce.MergeManagerImpl: Merging 0 segments, 0 bytes from memory into reduce
2018-10-28 05:38:45,774 INFO org.apache.hadoop.mapred.Merger: Merging 1 sorted segments
2018-10-28 05:38:45,774 INFO org.apache.hadoop.mapred.Merger: Down to the last merge-pass, with 1 segments left of total size: 72 bytes
2018-10-28 05:38:45,775 INFO org.apache.hadoop.mapred.LocalJobRunner: 1 / 1 copied.
2018-10-28 05:38:45,782 INFO org.apache.hadoop.conf.Configuration.deprecation: mapred.skip.on is deprecated. Instead, use mapreduce.job.skiprecords
2018-10-28 05:38:45,789 INFO org.apache.hadoop.mapred.Task: Task:attempt_local1714934153_0001_r_000000_0 is done. And is in the process of committing
2018-10-28 05:38:45,795 INFO org.apache.hadoop.mapred.LocalJobRunner: 1 / 1 copied.
2018-10-28 05:38:45,798 INFO org.apache.hadoop.mapred.Task: Task attempt_local1714934153_0001_r_000000_0 is allowed to commit now
2018-10-28 05:38:45,799 INFO org.apache.hadoop.mapreduce.lib.output.FileOutputCommitter: Saved output of task 'attempt_local1714934153_0001_r_000000_0' to file:/home/cloudera/workspace/word_co_writable/output/_temporary/0/task_local1714934153_0001_r_000000
2018-10-28 05:38:45,800 INFO org.apache.hadoop.mapred.LocalJobRunner: reduce > reduce
2018-10-28 05:38:45,800 INFO org.apache.hadoop.mapred.Task: Task 'attempt_local1714934153_0001_r_000000_0' done.
2018-10-28 05:38:45,800 INFO org.apache.hadoop.mapred.LocalJobRunner: Finishing task: attempt_local1714934153_0001_r_000000_0
2018-10-28 05:38:45,800 INFO org.apache.hadoop.mapred.LocalJobRunner: reduce task executor complete.
2018-10-28 05:38:46,349 INFO org.apache.hadoop.mapreduce.Job: Job job_local1714934153_0001 running in uber mode : false
2018-10-28 05:38:46,350 INFO org.apache.hadoop.mapreduce.Job:  map 100% reduce 100%
2018-10-28 05:38:46,351 INFO org.apache.hadoop.mapreduce.Job: Job job_local1714934153_0001 completed successfully
2018-10-28 05:38:46,372 INFO org.apache.hadoop.mapreduce.Job: Counters: 30
	File System Counters
		FILE: Number of bytes read=590
		FILE: Number of bytes written=667217
		FILE: Number of read operations=0
		FILE: Number of large read operations=0
		FILE: Number of write operations=0
	Map-Reduce Framework
		Map input records=1
		Map output records=6
		Map output bytes=66
		Map output materialized bytes=84
		Input split bytes=116
		Combine input records=0
		Combine output records=0
		Reduce input groups=5
		Reduce shuffle bytes=84
		Reduce input records=6
		Reduce output records=5
		Spilled Records=12
		Shuffled Maps =1
		Failed Shuffles=0
		Merged Map outputs=1
		GC time elapsed (ms)=49
		Total committed heap usage (bytes)=331489280
	Shuffle Errors
		BAD_ID=0
		CONNECTION=0
		IO_ERROR=0
		WRONG_LENGTH=0
		WRONG_MAP=0
		WRONG_REDUCE=0
	File Input Format Counters 
		Bytes Read=25
	File Output Format Counters 
		Bytes Written=57
